Using pre-set license
Built from '2021.2/staging' branch; Version is '2021.2.11f1 (e50cafbb4399) revision 15010991'; Using compiler version '192829333'; Build Type 'Release'
OS: 'Windows 10  (10.0.19044) 64bit Core' Language: 'en' Physical Memory: 16252 MB
BatchMode: 1, IsHumanControllingUs: 0, StartBugReporterOnCrash: 0, Is64bit: 1, IsPro: 0

COMMAND LINE ARGUMENTS:
C:\Program Files\Unity\Hub\Editor\2021.2.11f1\Editor\Unity.exe
-adb2
-batchMode
-noUpm
-name
AssetImportWorker4
-projectPath
C:/Users/barba/Documents/GitHub/Context2/Project Context2
-logFile
Logs/AssetImportWorker4.log
-srvPort
63482
Successfully changed project path to: C:/Users/barba/Documents/GitHub/Context2/Project Context2
C:/Users/barba/Documents/GitHub/Context2/Project Context2
[UnityMemory] Configuration Parameters - Can be set up in boot.config
    "memorysetup-bucket-allocator-granularity=16"
    "memorysetup-bucket-allocator-bucket-count=8"
    "memorysetup-bucket-allocator-block-size=33554432"
    "memorysetup-bucket-allocator-block-count=8"
    "memorysetup-main-allocator-block-size=16777216"
    "memorysetup-thread-allocator-block-size=16777216"
    "memorysetup-gfx-main-allocator-block-size=16777216"
    "memorysetup-gfx-thread-allocator-block-size=16777216"
    "memorysetup-cache-allocator-block-size=4194304"
    "memorysetup-typetree-allocator-block-size=2097152"
    "memorysetup-profiler-bucket-allocator-granularity=16"
    "memorysetup-profiler-bucket-allocator-bucket-count=8"
    "memorysetup-profiler-bucket-allocator-block-size=33554432"
    "memorysetup-profiler-bucket-allocator-block-count=8"
    "memorysetup-profiler-allocator-block-size=16777216"
    "memorysetup-profiler-editor-allocator-block-size=1048576"
    "memorysetup-temp-allocator-size-main=16777216"
    "memorysetup-job-temp-allocator-block-size=2097152"
    "memorysetup-job-temp-allocator-block-size-background=1048576"
    "memorysetup-job-temp-allocator-reduction-small-platforms=262144"
    "memorysetup-temp-allocator-size-background-worker=32768"
    "memorysetup-temp-allocator-size-job-worker=262144"
    "memorysetup-temp-allocator-size-preload-manager=33554432"
    "memorysetup-temp-allocator-size-nav-mesh-worker=65536"
    "memorysetup-temp-allocator-size-audio-worker=65536"
    "memorysetup-temp-allocator-size-cloud-worker=32768"
    "memorysetup-temp-allocator-size-gi-baking-worker=262144"
    "memorysetup-temp-allocator-size-gfx=262144"
Refreshing native plugins compatible for Editor in 80.55 ms, found 2 plugins.
Preloading 0 native plugins for Editor in 0.00 ms.
Initialize engine version: 2021.2.11f1 (e50cafbb4399)
[Subsystems] Discovering subsystems at path C:/Program Files/Unity/Hub/Editor/2021.2.11f1/Editor/Data/Resources/UnitySubsystems
[Subsystems] Discovering subsystems at path C:/Users/barba/Documents/GitHub/Context2/Project Context2/Assets
GfxDevice: creating device client; threaded=0; jobified=0
Direct3D:
    Version:  Direct3D 11.0 [level 11.1]
    Renderer: NVIDIA GeForce GTX 1650 (ID=0x1f99)
    Vendor:   NVIDIA
    VRAM:     3962 MB
    Driver:   27.21.14.6230
Initialize mono
Mono path[0] = 'C:/Program Files/Unity/Hub/Editor/2021.2.11f1/Editor/Data/Managed'
Mono path[1] = 'C:/Program Files/Unity/Hub/Editor/2021.2.11f1/Editor/Data/MonoBleedingEdge/lib/mono/unityjit-win32'
Mono config path = 'C:/Program Files/Unity/Hub/Editor/2021.2.11f1/Editor/Data/MonoBleedingEdge/etc'
Using monoOptions --debugger-agent=transport=dt_socket,embedding=1,server=y,suspend=n,address=127.0.0.1:56468
Begin MonoManager ReloadAssembly
Registering precompiled unity dll's ...
Register platform support module: C:/Program Files/Unity/Hub/Editor/2021.2.11f1/Editor/Data/PlaybackEngines/WindowsStandaloneSupport/UnityEditor.WindowsStandalone.Extensions.dll
Registered in 0.007277 seconds.
Native extension for WindowsStandalone target not found
Refreshing native plugins compatible for Editor in 56.96 ms, found 2 plugins.
Preloading 0 native plugins for Editor in 0.00 ms.
Mono: successfully reloaded assembly
- Completed reload, in  0.582 seconds
Domain Reload Profiling:
	ReloadAssembly (583ms)
		BeginReloadAssembly (77ms)
			ExecutionOrderSort (0ms)
			DisableScriptedObjects (0ms)
			BackupInstance (0ms)
			ReleaseScriptingObjects (0ms)
			CreateAndSetChildDomain (1ms)
		EndReloadAssembly (427ms)
			LoadAssemblies (75ms)
			RebuildTransferFunctionScriptingTraits (0ms)
			SetupTypeCache (97ms)
			ReleaseScriptCaches (0ms)
			RebuildScriptCaches (30ms)
			SetupLoadedEditorAssemblies (250ms)
				LogAssemblyErrors (0ms)
				InitializePlatformSupportModulesInManaged (16ms)
				SetLoadedEditorAssemblies (0ms)
				RefreshPlugins (57ms)
				BeforeProcessingInitializeOnLoad (1ms)
				ProcessInitializeOnLoadAttributes (131ms)
				ProcessInitializeOnLoadMethodAttributes (45ms)
				AfterProcessingInitializeOnLoad (0ms)
				EditorAssembliesLoaded (0ms)
			ExecutionOrderSort2 (0ms)
			AwakeInstancesAfterBackupRestoration (0ms)
Platform modules already initialized, skipping
Registering precompiled user dll's ...
Registered in 0.007386 seconds.
Begin MonoManager ReloadAssembly
Native extension for WindowsStandalone target not found
Refreshing native plugins compatible for Editor in 64.72 ms, found 2 plugins.
Preloading 0 native plugins for Editor in 0.00 ms.
Mono: successfully reloaded assembly
- Completed reload, in  1.692 seconds
Domain Reload Profiling:
	ReloadAssembly (1693ms)
		BeginReloadAssembly (110ms)
			ExecutionOrderSort (0ms)
			DisableScriptedObjects (6ms)
			BackupInstance (0ms)
			ReleaseScriptingObjects (0ms)
			CreateAndSetChildDomain (18ms)
		EndReloadAssembly (1489ms)
			LoadAssemblies (82ms)
			RebuildTransferFunctionScriptingTraits (0ms)
			SetupTypeCache (224ms)
			ReleaseScriptCaches (1ms)
			RebuildScriptCaches (58ms)
			SetupLoadedEditorAssemblies (1088ms)
				LogAssemblyErrors (0ms)
				InitializePlatformSupportModulesInManaged (12ms)
				SetLoadedEditorAssemblies (0ms)
				RefreshPlugins (65ms)
				BeforeProcessingInitializeOnLoad (88ms)
				ProcessInitializeOnLoadAttributes (838ms)
				ProcessInitializeOnLoadMethodAttributes (76ms)
				AfterProcessingInitializeOnLoad (8ms)
				EditorAssembliesLoaded (0ms)
			ExecutionOrderSort2 (0ms)
			AwakeInstancesAfterBackupRestoration (7ms)
Platform modules already initialized, skipping
========================================================================
Worker process is ready to serve import requests
Launched and connected shader compiler UnityShaderCompiler.exe after 0.05 seconds
Refreshing native plugins compatible for Editor in 0.76 ms, found 2 plugins.
Preloading 0 native plugins for Editor in 0.00 ms.
Unloading 3662 Unused Serialized files (Serialized files now loaded: 0)
Unloading 62 unused Assets / (1.9 MB). Loaded Objects now: 4126.
Memory consumption went from 175.9 MB to 174.1 MB.
Total: 3.611500 ms (FindLiveObjects: 0.307500 ms CreateObjectMapping: 0.233700 ms MarkObjects: 2.729000 ms  DeleteObjects: 0.340400 ms)

AssetImportParameters requested are different than current active one (requested -> active):
  custom:video-decoder-ogg-theora: a1e56fd34408186e4bbccfd4996cb3dc -> 
  custom:container-muxer-webm: aa71ff27fc2769a1b78a27578f13a17b -> 
  custom:container-demuxer-webm: 4f35f7cbe854078d1ac9338744f61a02 -> 
  custom:video-encoder-webm-vp8: eb34c28f22e8b96e1ab97ce403110664 -> 
  custom:video-codec-MediaFoundation-h265: 746d11721c4dcdbdad8f713fa42b33f4 -> 
  custom:audio-encoder-webm-vorbis: bf7c407c2cedff20999df2af8eb42d56 -> 
  custom:framework-win-MediaFoundation: 216162199b28c13a410421893ffa2e32 -> 
  custom:container-demuxer-ogg: 62fdf1f143b41e24485cea50d1cbac27 -> 
  custom:video-decoder-webm-vp8: 9c59270c3fd7afecdb556c50c9e8de78 -> 
  custom:audio-decoder-ogg-vorbis: bf7c407c2cedff20999df2af8eb42d56 -> 
========================================================================
Received Import Request.
  Time since last request: 227528.840631 seconds.
  path: Assets/Characters/Forester/Reskin2/Textures
  artifactKey: Guid(52f35f9756117bb4b83e83b4f0c3f70f) Importer(815301076,1909f56bfc062723c751e8b465ee728b)
Start importing Assets/Characters/Forester/Reskin2/Textures using Guid(52f35f9756117bb4b83e83b4f0c3f70f) Importer(815301076,1909f56bfc062723c751e8b465ee728b)  -> (artifact id: '7e35856b4f07d58bc4f4f9d1d7b35e11') in 0.024979 seconds 
========================================================================
Received Import Request.
  Time since last request: 7.108492 seconds.
  path: Assets/Characters/Forester/Reskin2/Materials 1/Forester_armL_mat.mat
  artifactKey: Guid(56608dabfdbc3e24980f124ff661917b) Importer(815301076,1909f56bfc062723c751e8b465ee728b)
Start importing Assets/Characters/Forester/Reskin2/Materials 1/Forester_armL_mat.mat using Guid(56608dabfdbc3e24980f124ff661917b) Importer(815301076,1909f56bfc062723c751e8b465ee728b)  -> (artifact id: '3d5fb4b9cf435c6fcf9275fd2a2440f7') in 0.288208 seconds 
========================================================================
Received Import Request.
  Time since last request: 0.000033 seconds.
  path: Assets/Characters/Forester/Reskin2/Materials 1/Forester_hair_mat.mat
  artifactKey: Guid(01b80af73d070ab408fa840699e72e85) Importer(815301076,1909f56bfc062723c751e8b465ee728b)
Start importing Assets/Characters/Forester/Reskin2/Materials 1/Forester_hair_mat.mat using Guid(01b80af73d070ab408fa840699e72e85) Importer(815301076,1909f56bfc062723c751e8b465ee728b)  -> (artifact id: '794e5b2201708cfe9aaa40a2d2d80195') in 0.030477 seconds 
========================================================================
Received Import Request.
  Time since last request: 7.898645 seconds.
  path: Assets/Characters/Forester/Reskin2/Materials
  artifactKey: Guid(35f664c4892652e4aab7829aa2d08419) Importer(815301076,1909f56bfc062723c751e8b465ee728b)
Start importing Assets/Characters/Forester/Reskin2/Materials using Guid(35f664c4892652e4aab7829aa2d08419) Importer(815301076,1909f56bfc062723c751e8b465ee728b)  -> (artifact id: '0ae342f78596abca5e63e02f1a142746') in 0.024119 seconds 
========================================================================
Received Import Request.
  Time since last request: 2.287125 seconds.
  path: Assets/Characters/Forester/Reskin1/Reskin1_armL_mat.mat
  artifactKey: Guid(cef17e76393fc694da20a598bd2b2ce2) Importer(815301076,1909f56bfc062723c751e8b465ee728b)
Start importing Assets/Characters/Forester/Reskin1/Reskin1_armL_mat.mat using Guid(cef17e76393fc694da20a598bd2b2ce2) Importer(815301076,1909f56bfc062723c751e8b465ee728b)  -> (artifact id: '092650a2c8b3593c747f2a8f58fb2dab') in 0.040942 seconds 
========================================================================
Received Import Request.
  Time since last request: 0.000041 seconds.
  path: Assets/Characters/Forester/Reskin1/Reskin1_nose_mat.mat
  artifactKey: Guid(36dd96dc358a9c041a877ef036bf79c7) Importer(815301076,1909f56bfc062723c751e8b465ee728b)
Start importing Assets/Characters/Forester/Reskin1/Reskin1_nose_mat.mat using Guid(36dd96dc358a9c041a877ef036bf79c7) Importer(815301076,1909f56bfc062723c751e8b465ee728b)  -> (artifact id: '95f3f52bfb6f735aa492fece95604f68') in 0.041574 seconds 
========================================================================
Received Import Request.
  Time since last request: 0.000043 seconds.
  path: Assets/Characters/Forester/Reskin1/Reskin1_legR_mat.mat
  artifactKey: Guid(bea8f95e41f081e4cb38e42b96c03dd6) Importer(815301076,1909f56bfc062723c751e8b465ee728b)
Start importing Assets/Characters/Forester/Reskin1/Reskin1_legR_mat.mat using Guid(bea8f95e41f081e4cb38e42b96c03dd6) Importer(815301076,1909f56bfc062723c751e8b465ee728b)  -> (artifact id: 'a72124fa749ae5fe77760d1b63af1265') in 0.035311 seconds 
========================================================================
Received Import Request.
  Time since last request: 263.093096 seconds.
  path: Assets/Characters/Forester/Reskin1.prefab
  artifactKey: Guid(1b68bb197e66fc845be40fd68b13e12c) Importer(815301076,1909f56bfc062723c751e8b465ee728b)
Start importing Assets/Characters/Forester/Reskin1.prefab using Guid(1b68bb197e66fc845be40fd68b13e12c) Importer(815301076,1909f56bfc062723c751e8b465ee728b)  -> (artifact id: '682e6838a6575e9b7155c57c1e4f4615') in 0.033453 seconds 
========================================================================
Received Import Request.
  Time since last request: 18.186583 seconds.
  path: Assets/Characters/Forester/Reskin1.prefab
  artifactKey: Guid(1b68bb197e66fc845be40fd68b13e12c) Importer(815301076,1909f56bfc062723c751e8b465ee728b)
Start importing Assets/Characters/Forester/Reskin1.prefab using Guid(1b68bb197e66fc845be40fd68b13e12c) Importer(815301076,1909f56bfc062723c751e8b465ee728b)  -> (artifact id: '800be185aef7d279075c2af664d4bdef') in 0.135628 seconds 
========================================================================
Received Import Request.
  Time since last request: 24.633793 seconds.
  path: Assets/Characters/Forester/Reskin2.prefab
  artifactKey: Guid(0590058913c81e84183889c3d34f3d3f) Importer(815301076,1909f56bfc062723c751e8b465ee728b)
Start importing Assets/Characters/Forester/Reskin2.prefab using Guid(0590058913c81e84183889c3d34f3d3f) Importer(815301076,1909f56bfc062723c751e8b465ee728b)  -> (artifact id: 'ec69d64901df35b01e6f2bdf0cbfd60b') in 0.024152 seconds 
========================================================================
Received Import Request.
  Time since last request: 6.132201 seconds.
  path: Assets/Characters/Forester/Reskin2.prefab
  artifactKey: Guid(0590058913c81e84183889c3d34f3d3f) Importer(815301076,1909f56bfc062723c751e8b465ee728b)
Start importing Assets/Characters/Forester/Reskin2.prefab using Guid(0590058913c81e84183889c3d34f3d3f) Importer(815301076,1909f56bfc062723c751e8b465ee728b)  -> (artifact id: '3c16947dbfb9c23b1b27fe4798bf1def') in 0.079610 seconds 
========================================================================
Received Import Request.
  Time since last request: 25.720085 seconds.
  path: Assets/Characters/Forester/Original
  artifactKey: Guid(a1a19b360c8b39c46a6be99ea5106244) Importer(815301076,1909f56bfc062723c751e8b465ee728b)
Start importing Assets/Characters/Forester/Original using Guid(a1a19b360c8b39c46a6be99ea5106244) Importer(815301076,1909f56bfc062723c751e8b465ee728b)  -> (artifact id: 'b9790374c9e17ef5e8a2b747d516128e') in 0.026213 seconds 
========================================================================
Received Import Request.
  Time since last request: 14.137793 seconds.
  path: Assets/Characters/Forester/Reskin2.prefab
  artifactKey: Guid(0590058913c81e84183889c3d34f3d3f) Importer(815301076,1909f56bfc062723c751e8b465ee728b)
Start importing Assets/Characters/Forester/Reskin2.prefab using Guid(0590058913c81e84183889c3d34f3d3f) Importer(815301076,1909f56bfc062723c751e8b465ee728b)  -> (artifact id: '4c9d02944b098261bcdb9b95e83d6eb1') in 0.064914 seconds 
