Using pre-set license
Built from '2021.2/staging' branch; Version is '2021.2.11f1 (e50cafbb4399) revision 15010991'; Using compiler version '192829333'; Build Type 'Release'
OS: 'Windows 10  (10.0.19044) 64bit Core' Language: 'en' Physical Memory: 16252 MB
BatchMode: 1, IsHumanControllingUs: 0, StartBugReporterOnCrash: 0, Is64bit: 1, IsPro: 0

COMMAND LINE ARGUMENTS:
C:\Program Files\Unity\Hub\Editor\2021.2.11f1\Editor\Unity.exe
-adb2
-batchMode
-noUpm
-name
AssetImportWorker20
-projectPath
C:/Users/barba/Documents/GitHub/Context2/Project Context2
-logFile
Logs/AssetImportWorker20.log
-srvPort
55852
Successfully changed project path to: C:/Users/barba/Documents/GitHub/Context2/Project Context2
C:/Users/barba/Documents/GitHub/Context2/Project Context2
[UnityMemory] Configuration Parameters - Can be set up in boot.config
    "memorysetup-bucket-allocator-granularity=16"
    "memorysetup-bucket-allocator-bucket-count=8"
    "memorysetup-bucket-allocator-block-size=33554432"
    "memorysetup-bucket-allocator-block-count=8"
    "memorysetup-main-allocator-block-size=16777216"
    "memorysetup-thread-allocator-block-size=16777216"
    "memorysetup-gfx-main-allocator-block-size=16777216"
    "memorysetup-gfx-thread-allocator-block-size=16777216"
    "memorysetup-cache-allocator-block-size=4194304"
    "memorysetup-typetree-allocator-block-size=2097152"
    "memorysetup-profiler-bucket-allocator-granularity=16"
    "memorysetup-profiler-bucket-allocator-bucket-count=8"
    "memorysetup-profiler-bucket-allocator-block-size=33554432"
    "memorysetup-profiler-bucket-allocator-block-count=8"
    "memorysetup-profiler-allocator-block-size=16777216"
    "memorysetup-profiler-editor-allocator-block-size=1048576"
    "memorysetup-temp-allocator-size-main=16777216"
    "memorysetup-job-temp-allocator-block-size=2097152"
    "memorysetup-job-temp-allocator-block-size-background=1048576"
    "memorysetup-job-temp-allocator-reduction-small-platforms=262144"
    "memorysetup-temp-allocator-size-background-worker=32768"
    "memorysetup-temp-allocator-size-job-worker=262144"
    "memorysetup-temp-allocator-size-preload-manager=33554432"
    "memorysetup-temp-allocator-size-nav-mesh-worker=65536"
    "memorysetup-temp-allocator-size-audio-worker=65536"
    "memorysetup-temp-allocator-size-cloud-worker=32768"
    "memorysetup-temp-allocator-size-gi-baking-worker=262144"
    "memorysetup-temp-allocator-size-gfx=262144"
Refreshing native plugins compatible for Editor in 64.50 ms, found 2 plugins.
Preloading 0 native plugins for Editor in 0.00 ms.
Initialize engine version: 2021.2.11f1 (e50cafbb4399)
[Subsystems] Discovering subsystems at path C:/Program Files/Unity/Hub/Editor/2021.2.11f1/Editor/Data/Resources/UnitySubsystems
[Subsystems] Discovering subsystems at path C:/Users/barba/Documents/GitHub/Context2/Project Context2/Assets
GfxDevice: creating device client; threaded=0; jobified=0
Direct3D:
    Version:  Direct3D 11.0 [level 11.1]
    Renderer: NVIDIA GeForce GTX 1650 (ID=0x1f99)
    Vendor:   NVIDIA
    VRAM:     3962 MB
    Driver:   27.21.14.6230
Initialize mono
Mono path[0] = 'C:/Program Files/Unity/Hub/Editor/2021.2.11f1/Editor/Data/Managed'
Mono path[1] = 'C:/Program Files/Unity/Hub/Editor/2021.2.11f1/Editor/Data/MonoBleedingEdge/lib/mono/unityjit-win32'
Mono config path = 'C:/Program Files/Unity/Hub/Editor/2021.2.11f1/Editor/Data/MonoBleedingEdge/etc'
Using monoOptions --debugger-agent=transport=dt_socket,embedding=1,server=y,suspend=n,address=127.0.0.1:56052
Begin MonoManager ReloadAssembly
Registering precompiled unity dll's ...
Register platform support module: C:/Program Files/Unity/Hub/Editor/2021.2.11f1/Editor/Data/PlaybackEngines/WindowsStandaloneSupport/UnityEditor.WindowsStandalone.Extensions.dll
Registered in 0.008195 seconds.
Native extension for WindowsStandalone target not found
Refreshing native plugins compatible for Editor in 60.67 ms, found 2 plugins.
Preloading 0 native plugins for Editor in 0.00 ms.
Mono: successfully reloaded assembly
- Completed reload, in  0.673 seconds
Domain Reload Profiling:
	ReloadAssembly (674ms)
		BeginReloadAssembly (82ms)
			ExecutionOrderSort (0ms)
			DisableScriptedObjects (0ms)
			BackupInstance (0ms)
			ReleaseScriptingObjects (0ms)
			CreateAndSetChildDomain (1ms)
		EndReloadAssembly (507ms)
			LoadAssemblies (79ms)
			RebuildTransferFunctionScriptingTraits (0ms)
			SetupTypeCache (130ms)
			ReleaseScriptCaches (0ms)
			RebuildScriptCaches (30ms)
			SetupLoadedEditorAssemblies (289ms)
				LogAssemblyErrors (0ms)
				InitializePlatformSupportModulesInManaged (18ms)
				SetLoadedEditorAssemblies (0ms)
				RefreshPlugins (61ms)
				BeforeProcessingInitializeOnLoad (1ms)
				ProcessInitializeOnLoadAttributes (159ms)
				ProcessInitializeOnLoadMethodAttributes (49ms)
				AfterProcessingInitializeOnLoad (0ms)
				EditorAssembliesLoaded (0ms)
			ExecutionOrderSort2 (0ms)
			AwakeInstancesAfterBackupRestoration (0ms)
Platform modules already initialized, skipping
Registering precompiled user dll's ...
Registered in 0.007609 seconds.
Begin MonoManager ReloadAssembly
Native extension for WindowsStandalone target not found
Refreshing native plugins compatible for Editor in 61.64 ms, found 2 plugins.
Preloading 0 native plugins for Editor in 0.00 ms.
Mono: successfully reloaded assembly
- Completed reload, in  1.739 seconds
Domain Reload Profiling:
	ReloadAssembly (1740ms)
		BeginReloadAssembly (130ms)
			ExecutionOrderSort (0ms)
			DisableScriptedObjects (6ms)
			BackupInstance (0ms)
			ReleaseScriptingObjects (0ms)
			CreateAndSetChildDomain (19ms)
		EndReloadAssembly (1506ms)
			LoadAssemblies (99ms)
			RebuildTransferFunctionScriptingTraits (0ms)
			SetupTypeCache (223ms)
			ReleaseScriptCaches (1ms)
			RebuildScriptCaches (58ms)
			SetupLoadedEditorAssemblies (1103ms)
				LogAssemblyErrors (0ms)
				InitializePlatformSupportModulesInManaged (13ms)
				SetLoadedEditorAssemblies (0ms)
				RefreshPlugins (62ms)
				BeforeProcessingInitializeOnLoad (81ms)
				ProcessInitializeOnLoadAttributes (859ms)
				ProcessInitializeOnLoadMethodAttributes (78ms)
				AfterProcessingInitializeOnLoad (9ms)
				EditorAssembliesLoaded (0ms)
			ExecutionOrderSort2 (0ms)
			AwakeInstancesAfterBackupRestoration (8ms)
Platform modules already initialized, skipping
========================================================================
Worker process is ready to serve import requests
Launched and connected shader compiler UnityShaderCompiler.exe after 0.05 seconds
Refreshing native plugins compatible for Editor in 0.87 ms, found 2 plugins.
Preloading 0 native plugins for Editor in 0.00 ms.
Unloading 3662 Unused Serialized files (Serialized files now loaded: 0)
Unloading 62 unused Assets / (1.9 MB). Loaded Objects now: 4126.
Memory consumption went from 175.9 MB to 174.1 MB.
Total: 4.927100 ms (FindLiveObjects: 0.281400 ms CreateObjectMapping: 0.209500 ms MarkObjects: 3.581900 ms  DeleteObjects: 0.833400 ms)

AssetImportParameters requested are different than current active one (requested -> active):
  custom:video-decoder-ogg-theora: a1e56fd34408186e4bbccfd4996cb3dc -> 
  custom:container-muxer-webm: aa71ff27fc2769a1b78a27578f13a17b -> 
  custom:container-demuxer-webm: 4f35f7cbe854078d1ac9338744f61a02 -> 
  custom:video-encoder-webm-vp8: eb34c28f22e8b96e1ab97ce403110664 -> 
  custom:video-codec-MediaFoundation-h265: 746d11721c4dcdbdad8f713fa42b33f4 -> 
  custom:audio-encoder-webm-vorbis: bf7c407c2cedff20999df2af8eb42d56 -> 
  custom:framework-win-MediaFoundation: 216162199b28c13a410421893ffa2e32 -> 
  custom:SearchIndexIgnoredProperties: e643bd26f0fe6173181afceb89e7c659 -> 
  custom:container-demuxer-ogg: 62fdf1f143b41e24485cea50d1cbac27 -> 
  custom:video-decoder-webm-vp8: 9c59270c3fd7afecdb556c50c9e8de78 -> 
  custom:audio-decoder-ogg-vorbis: bf7c407c2cedff20999df2af8eb42d56 -> 
========================================================================
Received Prepare
Registering precompiled user dll's ...
Registered in 0.006510 seconds.
Begin MonoManager ReloadAssembly
Native extension for WindowsStandalone target not found
Refreshing native plugins compatible for Editor in 0.71 ms, found 2 plugins.
Preloading 0 native plugins for Editor in 0.00 ms.
Mono: successfully reloaded assembly
- Completed reload, in  1.299 seconds
Domain Reload Profiling:
	ReloadAssembly (1300ms)
		BeginReloadAssembly (149ms)
			ExecutionOrderSort (0ms)
			DisableScriptedObjects (8ms)
			BackupInstance (0ms)
			ReleaseScriptingObjects (0ms)
			CreateAndSetChildDomain (39ms)
		EndReloadAssembly (1049ms)
			LoadAssemblies (95ms)
			RebuildTransferFunctionScriptingTraits (0ms)
			SetupTypeCache (226ms)
			ReleaseScriptCaches (1ms)
			RebuildScriptCaches (58ms)
			SetupLoadedEditorAssemblies (624ms)
				LogAssemblyErrors (0ms)
				InitializePlatformSupportModulesInManaged (11ms)
				SetLoadedEditorAssemblies (0ms)
				RefreshPlugins (1ms)
				BeforeProcessingInitializeOnLoad (69ms)
				ProcessInitializeOnLoadAttributes (450ms)
				ProcessInitializeOnLoadMethodAttributes (82ms)
				AfterProcessingInitializeOnLoad (11ms)
				EditorAssembliesLoaded (0ms)
			ExecutionOrderSort2 (0ms)
			AwakeInstancesAfterBackupRestoration (12ms)
Platform modules already initialized, skipping
Refreshing native plugins compatible for Editor in 1.13 ms, found 2 plugins.
Preloading 0 native plugins for Editor in 0.00 ms.
Unloading 3483 Unused Serialized files (Serialized files now loaded: 0)
Unloading 35 unused Assets / (1.9 MB). Loaded Objects now: 4141.
Memory consumption went from 162.9 MB to 161.0 MB.
Total: 5.565600 ms (FindLiveObjects: 0.611200 ms CreateObjectMapping: 0.458600 ms MarkObjects: 4.074000 ms  DeleteObjects: 0.420400 ms)

AssetImportParameters requested are different than current active one (requested -> active):
  custom:video-decoder-ogg-theora: a1e56fd34408186e4bbccfd4996cb3dc -> 
  custom:container-muxer-webm: aa71ff27fc2769a1b78a27578f13a17b -> 
  custom:container-demuxer-webm: 4f35f7cbe854078d1ac9338744f61a02 -> 
  custom:video-encoder-webm-vp8: eb34c28f22e8b96e1ab97ce403110664 -> 
  custom:video-codec-MediaFoundation-h265: 746d11721c4dcdbdad8f713fa42b33f4 -> 
  custom:audio-encoder-webm-vorbis: bf7c407c2cedff20999df2af8eb42d56 -> 
  custom:framework-win-MediaFoundation: 216162199b28c13a410421893ffa2e32 -> 
  custom:SearchIndexIgnoredProperties: e643bd26f0fe6173181afceb89e7c659 -> 
  custom:container-demuxer-ogg: 62fdf1f143b41e24485cea50d1cbac27 -> 
  custom:video-decoder-webm-vp8: 9c59270c3fd7afecdb556c50c9e8de78 -> 
  custom:audio-decoder-ogg-vorbis: bf7c407c2cedff20999df2af8eb42d56 -> 
========================================================================
Received Prepare
Registering precompiled user dll's ...
Registered in 0.006979 seconds.
Begin MonoManager ReloadAssembly
Native extension for WindowsStandalone target not found
Refreshing native plugins compatible for Editor in 1.49 ms, found 2 plugins.
Preloading 0 native plugins for Editor in 0.00 ms.
Mono: successfully reloaded assembly
- Completed reload, in  1.630 seconds
Domain Reload Profiling:
	ReloadAssembly (1631ms)
		BeginReloadAssembly (166ms)
			ExecutionOrderSort (0ms)
			DisableScriptedObjects (5ms)
			BackupInstance (0ms)
			ReleaseScriptingObjects (0ms)
			CreateAndSetChildDomain (48ms)
		EndReloadAssembly (1353ms)
			LoadAssemblies (121ms)
			RebuildTransferFunctionScriptingTraits (0ms)
			SetupTypeCache (308ms)
			ReleaseScriptCaches (2ms)
			RebuildScriptCaches (70ms)
			SetupLoadedEditorAssemblies (790ms)
				LogAssemblyErrors (0ms)
				InitializePlatformSupportModulesInManaged (18ms)
				SetLoadedEditorAssemblies (1ms)
				RefreshPlugins (2ms)
				BeforeProcessingInitializeOnLoad (90ms)
				ProcessInitializeOnLoadAttributes (575ms)
				ProcessInitializeOnLoadMethodAttributes (96ms)
				AfterProcessingInitializeOnLoad (9ms)
				EditorAssembliesLoaded (0ms)
			ExecutionOrderSort2 (0ms)
			AwakeInstancesAfterBackupRestoration (13ms)
Platform modules already initialized, skipping
Refreshing native plugins compatible for Editor in 1.70 ms, found 2 plugins.
Preloading 0 native plugins for Editor in 0.00 ms.
Unloading 3482 Unused Serialized files (Serialized files now loaded: 0)
Unloading 35 unused Assets / (1.9 MB). Loaded Objects now: 4155.
Memory consumption went from 162.9 MB to 161.0 MB.
Total: 5.404900 ms (FindLiveObjects: 0.520000 ms CreateObjectMapping: 0.438600 ms MarkObjects: 4.038300 ms  DeleteObjects: 0.406400 ms)

AssetImportParameters requested are different than current active one (requested -> active):
  custom:video-decoder-ogg-theora: a1e56fd34408186e4bbccfd4996cb3dc -> 
  custom:container-muxer-webm: aa71ff27fc2769a1b78a27578f13a17b -> 
  custom:container-demuxer-webm: 4f35f7cbe854078d1ac9338744f61a02 -> 
  custom:video-encoder-webm-vp8: eb34c28f22e8b96e1ab97ce403110664 -> 
  custom:video-codec-MediaFoundation-h265: 746d11721c4dcdbdad8f713fa42b33f4 -> 
  custom:audio-encoder-webm-vorbis: bf7c407c2cedff20999df2af8eb42d56 -> 
  custom:framework-win-MediaFoundation: 216162199b28c13a410421893ffa2e32 -> 
  custom:SearchIndexIgnoredProperties: e643bd26f0fe6173181afceb89e7c659 -> 
  custom:container-demuxer-ogg: 62fdf1f143b41e24485cea50d1cbac27 -> 
  custom:video-decoder-webm-vp8: 9c59270c3fd7afecdb556c50c9e8de78 -> 
  custom:audio-decoder-ogg-vorbis: bf7c407c2cedff20999df2af8eb42d56 -> 
========================================================================
Received Prepare
Registering precompiled user dll's ...
Registered in 0.006659 seconds.
Begin MonoManager ReloadAssembly
Native extension for WindowsStandalone target not found
Refreshing native plugins compatible for Editor in 1.17 ms, found 2 plugins.
Preloading 0 native plugins for Editor in 0.00 ms.
Mono: successfully reloaded assembly
- Completed reload, in  1.562 seconds
Domain Reload Profiling:
	ReloadAssembly (1563ms)
		BeginReloadAssembly (148ms)
			ExecutionOrderSort (0ms)
			DisableScriptedObjects (5ms)
			BackupInstance (0ms)
			ReleaseScriptingObjects (0ms)
			CreateAndSetChildDomain (38ms)
		EndReloadAssembly (1293ms)
			LoadAssemblies (101ms)
			RebuildTransferFunctionScriptingTraits (0ms)
			SetupTypeCache (277ms)
			ReleaseScriptCaches (2ms)
			RebuildScriptCaches (65ms)
			SetupLoadedEditorAssemblies (777ms)
				LogAssemblyErrors (0ms)
				InitializePlatformSupportModulesInManaged (18ms)
				SetLoadedEditorAssemblies (1ms)
				RefreshPlugins (1ms)
				BeforeProcessingInitializeOnLoad (95ms)
				ProcessInitializeOnLoadAttributes (565ms)
				ProcessInitializeOnLoadMethodAttributes (87ms)
				AfterProcessingInitializeOnLoad (10ms)
				EditorAssembliesLoaded (0ms)
			ExecutionOrderSort2 (0ms)
			AwakeInstancesAfterBackupRestoration (12ms)
Platform modules already initialized, skipping
Refreshing native plugins compatible for Editor in 0.82 ms, found 2 plugins.
Preloading 0 native plugins for Editor in 0.00 ms.
Unloading 3482 Unused Serialized files (Serialized files now loaded: 0)
Unloading 35 unused Assets / (1.8 MB). Loaded Objects now: 4169.
Memory consumption went from 162.9 MB to 161.0 MB.
Total: 7.028500 ms (FindLiveObjects: 0.573700 ms CreateObjectMapping: 0.558500 ms MarkObjects: 5.323300 ms  DeleteObjects: 0.570800 ms)

AssetImportParameters requested are different than current active one (requested -> active):
  custom:video-decoder-ogg-theora: a1e56fd34408186e4bbccfd4996cb3dc -> 
  custom:container-muxer-webm: aa71ff27fc2769a1b78a27578f13a17b -> 
  custom:container-demuxer-webm: 4f35f7cbe854078d1ac9338744f61a02 -> 
  custom:video-encoder-webm-vp8: eb34c28f22e8b96e1ab97ce403110664 -> 
  custom:video-codec-MediaFoundation-h265: 746d11721c4dcdbdad8f713fa42b33f4 -> 
  custom:audio-encoder-webm-vorbis: bf7c407c2cedff20999df2af8eb42d56 -> 
  custom:framework-win-MediaFoundation: 216162199b28c13a410421893ffa2e32 -> 
  custom:SearchIndexIgnoredProperties: e643bd26f0fe6173181afceb89e7c659 -> 
  custom:container-demuxer-ogg: 62fdf1f143b41e24485cea50d1cbac27 -> 
  custom:video-decoder-webm-vp8: 9c59270c3fd7afecdb556c50c9e8de78 -> 
  custom:audio-decoder-ogg-vorbis: bf7c407c2cedff20999df2af8eb42d56 -> 
========================================================================
Received Prepare
Registering precompiled user dll's ...
Registered in 0.008097 seconds.
Begin MonoManager ReloadAssembly
Native extension for WindowsStandalone target not found
Refreshing native plugins compatible for Editor in 0.88 ms, found 2 plugins.
Preloading 0 native plugins for Editor in 0.00 ms.
Mono: successfully reloaded assembly
- Completed reload, in  1.467 seconds
Domain Reload Profiling:
	ReloadAssembly (1468ms)
		BeginReloadAssembly (151ms)
			ExecutionOrderSort (0ms)
			DisableScriptedObjects (5ms)
			BackupInstance (0ms)
			ReleaseScriptingObjects (0ms)
			CreateAndSetChildDomain (41ms)
		EndReloadAssembly (1200ms)
			LoadAssemblies (97ms)
			RebuildTransferFunctionScriptingTraits (0ms)
			SetupTypeCache (288ms)
			ReleaseScriptCaches (2ms)
			RebuildScriptCaches (60ms)
			SetupLoadedEditorAssemblies (695ms)
				LogAssemblyErrors (0ms)
				InitializePlatformSupportModulesInManaged (13ms)
				SetLoadedEditorAssemblies (1ms)
				RefreshPlugins (1ms)
				BeforeProcessingInitializeOnLoad (80ms)
				ProcessInitializeOnLoadAttributes (506ms)
				ProcessInitializeOnLoadMethodAttributes (85ms)
				AfterProcessingInitializeOnLoad (9ms)
				EditorAssembliesLoaded (0ms)
			ExecutionOrderSort2 (0ms)
			AwakeInstancesAfterBackupRestoration (13ms)
Platform modules already initialized, skipping
Refreshing native plugins compatible for Editor in 1.45 ms, found 2 plugins.
Preloading 0 native plugins for Editor in 0.00 ms.
Unloading 3482 Unused Serialized files (Serialized files now loaded: 0)
Unloading 35 unused Assets / (1.8 MB). Loaded Objects now: 4183.
Memory consumption went from 162.9 MB to 161.1 MB.
Total: 4.761400 ms (FindLiveObjects: 0.347800 ms CreateObjectMapping: 0.296800 ms MarkObjects: 3.715300 ms  DeleteObjects: 0.399800 ms)

AssetImportParameters requested are different than current active one (requested -> active):
  custom:video-decoder-ogg-theora: a1e56fd34408186e4bbccfd4996cb3dc -> 
  custom:container-muxer-webm: aa71ff27fc2769a1b78a27578f13a17b -> 
  custom:container-demuxer-webm: 4f35f7cbe854078d1ac9338744f61a02 -> 
  custom:video-encoder-webm-vp8: eb34c28f22e8b96e1ab97ce403110664 -> 
  custom:video-codec-MediaFoundation-h265: 746d11721c4dcdbdad8f713fa42b33f4 -> 
  custom:audio-encoder-webm-vorbis: bf7c407c2cedff20999df2af8eb42d56 -> 
  custom:framework-win-MediaFoundation: 216162199b28c13a410421893ffa2e32 -> 
  custom:SearchIndexIgnoredProperties: e643bd26f0fe6173181afceb89e7c659 -> 
  custom:container-demuxer-ogg: 62fdf1f143b41e24485cea50d1cbac27 -> 
  custom:video-decoder-webm-vp8: 9c59270c3fd7afecdb556c50c9e8de78 -> 
  custom:audio-decoder-ogg-vorbis: bf7c407c2cedff20999df2af8eb42d56 -> 
========================================================================
Received Prepare
Registering precompiled user dll's ...
Registered in 0.006377 seconds.
Begin MonoManager ReloadAssembly
Native extension for WindowsStandalone target not found
Refreshing native plugins compatible for Editor in 1.10 ms, found 2 plugins.
Preloading 0 native plugins for Editor in 0.00 ms.
Mono: successfully reloaded assembly
- Completed reload, in  1.410 seconds
Domain Reload Profiling:
	ReloadAssembly (1411ms)
		BeginReloadAssembly (143ms)
			ExecutionOrderSort (0ms)
			DisableScriptedObjects (5ms)
			BackupInstance (0ms)
			ReleaseScriptingObjects (0ms)
			CreateAndSetChildDomain (35ms)
		EndReloadAssembly (1151ms)
			LoadAssemblies (95ms)
			RebuildTransferFunctionScriptingTraits (0ms)
			SetupTypeCache (251ms)
			ReleaseScriptCaches (2ms)
			RebuildScriptCaches (56ms)
			SetupLoadedEditorAssemblies (691ms)
				LogAssemblyErrors (0ms)
				InitializePlatformSupportModulesInManaged (14ms)
				SetLoadedEditorAssemblies (1ms)
				RefreshPlugins (1ms)
				BeforeProcessingInitializeOnLoad (84ms)
				ProcessInitializeOnLoadAttributes (490ms)
				ProcessInitializeOnLoadMethodAttributes (90ms)
				AfterProcessingInitializeOnLoad (11ms)
				EditorAssembliesLoaded (0ms)
			ExecutionOrderSort2 (0ms)
			AwakeInstancesAfterBackupRestoration (12ms)
Platform modules already initialized, skipping
Refreshing native plugins compatible for Editor in 2.46 ms, found 2 plugins.
Preloading 0 native plugins for Editor in 0.00 ms.
Unloading 3482 Unused Serialized files (Serialized files now loaded: 0)
Unloading 35 unused Assets / (1.9 MB). Loaded Objects now: 4197.
Memory consumption went from 162.9 MB to 161.1 MB.
Total: 4.349500 ms (FindLiveObjects: 0.325600 ms CreateObjectMapping: 0.305700 ms MarkObjects: 3.201600 ms  DeleteObjects: 0.515400 ms)

AssetImportParameters requested are different than current active one (requested -> active):
  custom:video-decoder-ogg-theora: a1e56fd34408186e4bbccfd4996cb3dc -> 
  custom:container-muxer-webm: aa71ff27fc2769a1b78a27578f13a17b -> 
  custom:container-demuxer-webm: 4f35f7cbe854078d1ac9338744f61a02 -> 
  custom:video-encoder-webm-vp8: eb34c28f22e8b96e1ab97ce403110664 -> 
  custom:video-codec-MediaFoundation-h265: 746d11721c4dcdbdad8f713fa42b33f4 -> 
  custom:audio-encoder-webm-vorbis: bf7c407c2cedff20999df2af8eb42d56 -> 
  custom:framework-win-MediaFoundation: 216162199b28c13a410421893ffa2e32 -> 
  custom:SearchIndexIgnoredProperties: e643bd26f0fe6173181afceb89e7c659 -> 
  custom:container-demuxer-ogg: 62fdf1f143b41e24485cea50d1cbac27 -> 
  custom:video-decoder-webm-vp8: 9c59270c3fd7afecdb556c50c9e8de78 -> 
  custom:audio-decoder-ogg-vorbis: bf7c407c2cedff20999df2af8eb42d56 -> 
========================================================================
Received Prepare
Registering precompiled user dll's ...
Registered in 0.008179 seconds.
Begin MonoManager ReloadAssembly
Native extension for WindowsStandalone target not found
Refreshing native plugins compatible for Editor in 1.17 ms, found 2 plugins.
Preloading 0 native plugins for Editor in 0.00 ms.
Mono: successfully reloaded assembly
- Completed reload, in  1.416 seconds
Domain Reload Profiling:
	ReloadAssembly (1417ms)
		BeginReloadAssembly (143ms)
			ExecutionOrderSort (0ms)
			DisableScriptedObjects (5ms)
			BackupInstance (0ms)
			ReleaseScriptingObjects (0ms)
			CreateAndSetChildDomain (42ms)
		EndReloadAssembly (1168ms)
			LoadAssemblies (97ms)
			RebuildTransferFunctionScriptingTraits (0ms)
			SetupTypeCache (269ms)
			ReleaseScriptCaches (2ms)
			RebuildScriptCaches (59ms)
			SetupLoadedEditorAssemblies (672ms)
				LogAssemblyErrors (0ms)
				InitializePlatformSupportModulesInManaged (14ms)
				SetLoadedEditorAssemblies (1ms)
				RefreshPlugins (1ms)
				BeforeProcessingInitializeOnLoad (83ms)
				ProcessInitializeOnLoadAttributes (484ms)
				ProcessInitializeOnLoadMethodAttributes (80ms)
				AfterProcessingInitializeOnLoad (10ms)
				EditorAssembliesLoaded (0ms)
			ExecutionOrderSort2 (0ms)
			AwakeInstancesAfterBackupRestoration (12ms)
Platform modules already initialized, skipping
Refreshing native plugins compatible for Editor in 1.02 ms, found 2 plugins.
Preloading 0 native plugins for Editor in 0.00 ms.
Unloading 3482 Unused Serialized files (Serialized files now loaded: 0)
Unloading 35 unused Assets / (1.8 MB). Loaded Objects now: 4211.
Memory consumption went from 162.9 MB to 161.1 MB.
Total: 3.957300 ms (FindLiveObjects: 0.336500 ms CreateObjectMapping: 0.253400 ms MarkObjects: 2.942100 ms  DeleteObjects: 0.424200 ms)

AssetImportParameters requested are different than current active one (requested -> active):
  custom:video-decoder-ogg-theora: a1e56fd34408186e4bbccfd4996cb3dc -> 
  custom:container-muxer-webm: aa71ff27fc2769a1b78a27578f13a17b -> 
  custom:container-demuxer-webm: 4f35f7cbe854078d1ac9338744f61a02 -> 
  custom:video-encoder-webm-vp8: eb34c28f22e8b96e1ab97ce403110664 -> 
  custom:video-codec-MediaFoundation-h265: 746d11721c4dcdbdad8f713fa42b33f4 -> 
  custom:audio-encoder-webm-vorbis: bf7c407c2cedff20999df2af8eb42d56 -> 
  custom:framework-win-MediaFoundation: 216162199b28c13a410421893ffa2e32 -> 
  custom:SearchIndexIgnoredProperties: e643bd26f0fe6173181afceb89e7c659 -> 
  custom:container-demuxer-ogg: 62fdf1f143b41e24485cea50d1cbac27 -> 
  custom:video-decoder-webm-vp8: 9c59270c3fd7afecdb556c50c9e8de78 -> 
  custom:audio-decoder-ogg-vorbis: bf7c407c2cedff20999df2af8eb42d56 -> 
========================================================================
Received Prepare
Registering precompiled user dll's ...
Registered in 0.008180 seconds.
Begin MonoManager ReloadAssembly
Native extension for WindowsStandalone target not found
Refreshing native plugins compatible for Editor in 0.88 ms, found 2 plugins.
Preloading 0 native plugins for Editor in 0.00 ms.
Mono: successfully reloaded assembly
- Completed reload, in  1.557 seconds
Domain Reload Profiling:
	ReloadAssembly (1557ms)
		BeginReloadAssembly (150ms)
			ExecutionOrderSort (0ms)
			DisableScriptedObjects (5ms)
			BackupInstance (0ms)
			ReleaseScriptingObjects (0ms)
			CreateAndSetChildDomain (42ms)
		EndReloadAssembly (1305ms)
			LoadAssemblies (100ms)
			RebuildTransferFunctionScriptingTraits (0ms)
			SetupTypeCache (296ms)
			ReleaseScriptCaches (2ms)
			RebuildScriptCaches (64ms)
			SetupLoadedEditorAssemblies (779ms)
				LogAssemblyErrors (0ms)
				InitializePlatformSupportModulesInManaged (15ms)
				SetLoadedEditorAssemblies (0ms)
				RefreshPlugins (1ms)
				BeforeProcessingInitializeOnLoad (92ms)
				ProcessInitializeOnLoadAttributes (562ms)
				ProcessInitializeOnLoadMethodAttributes (95ms)
				AfterProcessingInitializeOnLoad (13ms)
				EditorAssembliesLoaded (0ms)
			ExecutionOrderSort2 (0ms)
			AwakeInstancesAfterBackupRestoration (13ms)
Platform modules already initialized, skipping
Refreshing native plugins compatible for Editor in 1.16 ms, found 2 plugins.
Preloading 0 native plugins for Editor in 0.00 ms.
Unloading 3482 Unused Serialized files (Serialized files now loaded: 0)
Unloading 35 unused Assets / (1.8 MB). Loaded Objects now: 4225.
Memory consumption went from 162.9 MB to 161.1 MB.
Total: 5.496300 ms (FindLiveObjects: 0.382400 ms CreateObjectMapping: 0.376100 ms MarkObjects: 4.231200 ms  DeleteObjects: 0.505100 ms)

AssetImportParameters requested are different than current active one (requested -> active):
  custom:video-decoder-ogg-theora: a1e56fd34408186e4bbccfd4996cb3dc -> 
  custom:container-muxer-webm: aa71ff27fc2769a1b78a27578f13a17b -> 
  custom:container-demuxer-webm: 4f35f7cbe854078d1ac9338744f61a02 -> 
  custom:video-encoder-webm-vp8: eb34c28f22e8b96e1ab97ce403110664 -> 
  custom:video-codec-MediaFoundation-h265: 746d11721c4dcdbdad8f713fa42b33f4 -> 
  custom:audio-encoder-webm-vorbis: bf7c407c2cedff20999df2af8eb42d56 -> 
  custom:framework-win-MediaFoundation: 216162199b28c13a410421893ffa2e32 -> 
  custom:SearchIndexIgnoredProperties: e643bd26f0fe6173181afceb89e7c659 -> 
  custom:container-demuxer-ogg: 62fdf1f143b41e24485cea50d1cbac27 -> 
  custom:video-decoder-webm-vp8: 9c59270c3fd7afecdb556c50c9e8de78 -> 
  custom:audio-decoder-ogg-vorbis: bf7c407c2cedff20999df2af8eb42d56 -> 
========================================================================
Received Import Request.
  Time since last request: 164084.370791 seconds.
  path: Assets/Rocks 1.terrainlayer
  artifactKey: Guid(65b63e030db0f374895362deb4e61996) Importer(815301076,1909f56bfc062723c751e8b465ee728b)
Start importing Assets/Rocks 1.terrainlayer using Guid(65b63e030db0f374895362deb4e61996) Importer(815301076,1909f56bfc062723c751e8b465ee728b)  -> (artifact id: '14b13fa6647393bea022a6bb8ccbe5d8') in 0.156482 seconds 
========================================================================
Received Import Request.
  Time since last request: 67.858407 seconds.
  path: Assets/Asset Packs/BrokenVector/LowPolyStoragePack/Models/AmpRack_02.dae
  artifactKey: Guid(d31353d1f3002254bb9c6dccb795b548) Importer(815301076,1909f56bfc062723c751e8b465ee728b)
Start importing Assets/Asset Packs/BrokenVector/LowPolyStoragePack/Models/AmpRack_02.dae using Guid(d31353d1f3002254bb9c6dccb795b548) Importer(815301076,1909f56bfc062723c751e8b465ee728b)  -> (artifact id: '9bc9ad3392d757964dc9daac9f7fb512') in 0.250181 seconds 
========================================================================
Received Import Request.
  Time since last request: 0.180328 seconds.
  path: Assets/Asset Packs/BrokenVector/LowPolyStoragePack/Models/Barrel_01.dae
  artifactKey: Guid(4570ffb3502664541b65ea4a55f1d760) Importer(815301076,1909f56bfc062723c751e8b465ee728b)
Start importing Assets/Asset Packs/BrokenVector/LowPolyStoragePack/Models/Barrel_01.dae using Guid(4570ffb3502664541b65ea4a55f1d760) Importer(815301076,1909f56bfc062723c751e8b465ee728b)  -> (artifact id: '94db182c8a99220d02af33f5bb7eef36') in 0.054949 seconds 
========================================================================
Received Import Request.
  Time since last request: 0.000026 seconds.
  path: Assets/Asset Packs/Low Poly Free Vegetation Pack/Prefabs/Big Rock 5.prefab
  artifactKey: Guid(4462df8489303ba448bfd5971b82232f) Importer(815301076,1909f56bfc062723c751e8b465ee728b)
Start importing Assets/Asset Packs/Low Poly Free Vegetation Pack/Prefabs/Big Rock 5.prefab using Guid(4462df8489303ba448bfd5971b82232f) Importer(815301076,1909f56bfc062723c751e8b465ee728b)  -> (artifact id: '643eb8719f1e61e4d134dcbdc37de98d') in 0.044838 seconds 
========================================================================
Received Import Request.
  Time since last request: 0.000029 seconds.
  path: Assets/Asset Packs/Low Poly Free Vegetation Pack/Prefabs/Big Rock 4.prefab
  artifactKey: Guid(dd1832de68cba8f48960216dac3c4f3e) Importer(815301076,1909f56bfc062723c751e8b465ee728b)
Start importing Assets/Asset Packs/Low Poly Free Vegetation Pack/Prefabs/Big Rock 4.prefab using Guid(dd1832de68cba8f48960216dac3c4f3e) Importer(815301076,1909f56bfc062723c751e8b465ee728b)  -> (artifact id: 'da783ab82a65f86be609ab665ecba494') in 0.045085 seconds 
========================================================================
Received Import Request.
  Time since last request: 0.000024 seconds.
  path: Assets/Asset Packs/BrokenVector/LowPolyStoragePack/Models/Basket_01.dae
  artifactKey: Guid(2d8033975589a264aa189c915aa5d9d9) Importer(815301076,1909f56bfc062723c751e8b465ee728b)
Start importing Assets/Asset Packs/BrokenVector/LowPolyStoragePack/Models/Basket_01.dae using Guid(2d8033975589a264aa189c915aa5d9d9) Importer(815301076,1909f56bfc062723c751e8b465ee728b)  -> (artifact id: 'fc1f3273ec40bdcfa8c7405a596d5de1') in 0.049477 seconds 
========================================================================
Received Import Request.
  Time since last request: 0.000049 seconds.
  path: Assets/Asset Packs/Low Poly Free Vegetation Pack/Prefabs/Big Terrain 5.prefab
  artifactKey: Guid(96e5bec91bac05948b08ef2214e0f074) Importer(815301076,1909f56bfc062723c751e8b465ee728b)
Start importing Assets/Asset Packs/Low Poly Free Vegetation Pack/Prefabs/Big Terrain 5.prefab using Guid(96e5bec91bac05948b08ef2214e0f074) Importer(815301076,1909f56bfc062723c751e8b465ee728b)  -> (artifact id: 'ca431026220012ce4b15cf9dc5342f4e') in 0.044554 seconds 
========================================================================
Received Import Request.
  Time since last request: 0.000048 seconds.
  path: Assets/Asset Packs/Low Poly Free Vegetation Pack/Prefabs/Big Rock 1.prefab
  artifactKey: Guid(83145382902cecc4286a4f62b720fb37) Importer(815301076,1909f56bfc062723c751e8b465ee728b)
Start importing Assets/Asset Packs/Low Poly Free Vegetation Pack/Prefabs/Big Rock 1.prefab using Guid(83145382902cecc4286a4f62b720fb37) Importer(815301076,1909f56bfc062723c751e8b465ee728b)  -> (artifact id: '446898fa65ce867d87940b48d70ea8f4') in 0.049052 seconds 
========================================================================
Received Import Request.
  Time since last request: 0.000023 seconds.
  path: Assets/Asset Packs/BrokenVector/LowPolyStoragePack/Models/Bag_02.dae
  artifactKey: Guid(32b26dc006e7b5d45a08ff5c9c89ab4f) Importer(815301076,1909f56bfc062723c751e8b465ee728b)
Start importing Assets/Asset Packs/BrokenVector/LowPolyStoragePack/Models/Bag_02.dae using Guid(32b26dc006e7b5d45a08ff5c9c89ab4f) Importer(815301076,1909f56bfc062723c751e8b465ee728b)  -> (artifact id: 'd27ad4fb44bc10c5997449ada83de6bd') in 0.051044 seconds 
========================================================================
Received Import Request.
  Time since last request: 0.000028 seconds.
  path: Assets/Asset Packs/Low Poly Free Vegetation Pack/Prefabs/Big Terrain 1.prefab
  artifactKey: Guid(021cac7915726eb4c849c3c16ebe90bb) Importer(815301076,1909f56bfc062723c751e8b465ee728b)
Start importing Assets/Asset Packs/Low Poly Free Vegetation Pack/Prefabs/Big Terrain 1.prefab using Guid(021cac7915726eb4c849c3c16ebe90bb) Importer(815301076,1909f56bfc062723c751e8b465ee728b)  -> (artifact id: '5cf614ba5dde09b6557bf09c9135bedd') in 0.041047 seconds 
========================================================================
Received Import Request.
  Time since last request: 0.000022 seconds.
  path: Assets/Asset Packs/Low Poly Free Vegetation Pack/Prefabs/Big Terrain 4.prefab
  artifactKey: Guid(043a2d44b6187da49b1d72e5741b841b) Importer(815301076,1909f56bfc062723c751e8b465ee728b)
Start importing Assets/Asset Packs/Low Poly Free Vegetation Pack/Prefabs/Big Terrain 4.prefab using Guid(043a2d44b6187da49b1d72e5741b841b) Importer(815301076,1909f56bfc062723c751e8b465ee728b)  -> (artifact id: 'afebce462984297a66a03dafb9347c1f') in 0.041844 seconds 
========================================================================
Received Import Request.
  Time since last request: 0.000050 seconds.
  path: Assets/Asset Packs/BrokenVector/LowPolyStoragePack/Models/Basket_02.dae
  artifactKey: Guid(982b488cfea6b424b84c9ed986a74f04) Importer(815301076,1909f56bfc062723c751e8b465ee728b)
Start importing Assets/Asset Packs/BrokenVector/LowPolyStoragePack/Models/Basket_02.dae using Guid(982b488cfea6b424b84c9ed986a74f04) Importer(815301076,1909f56bfc062723c751e8b465ee728b)  -> (artifact id: '1c56f9996c5455fbc1d40be447686b27') in 0.050960 seconds 
========================================================================
Received Import Request.
  Time since last request: 0.470255 seconds.
  path: Assets/Asset Packs/Low Poly Free Vegetation Pack/Prefabs/Branch 2.prefab
  artifactKey: Guid(006e392d17557b045b1e173abb80f1e8) Importer(815301076,1909f56bfc062723c751e8b465ee728b)
Start importing Assets/Asset Packs/Low Poly Free Vegetation Pack/Prefabs/Branch 2.prefab using Guid(006e392d17557b045b1e173abb80f1e8) Importer(815301076,1909f56bfc062723c751e8b465ee728b)  -> (artifact id: 'b896963d9b7bd2fdf00e32bc54ed4013') in 0.048476 seconds 
========================================================================
Received Import Request.
  Time since last request: 0.000021 seconds.
  path: Assets/Asset Packs/BrokenVector/LowPolyStoragePack/Models/Cabinet_03.dae
  artifactKey: Guid(1ed15304222a5714492c11688b4476ce) Importer(815301076,1909f56bfc062723c751e8b465ee728b)
Start importing Assets/Asset Packs/BrokenVector/LowPolyStoragePack/Models/Cabinet_03.dae using Guid(1ed15304222a5714492c11688b4476ce) Importer(815301076,1909f56bfc062723c751e8b465ee728b)  -> (artifact id: '5da6bc09ff291dfe32e691c2f4a83f1a') in 0.084791 seconds 
========================================================================
Received Import Request.
  Time since last request: 0.000022 seconds.
  path: Assets/Asset Packs/BrokenVector/LowPolyStoragePack/Models/Cabinet_02.dae
  artifactKey: Guid(a9cbe19c5ceb4e34e89fe52e9d4d8918) Importer(815301076,1909f56bfc062723c751e8b465ee728b)
Start importing Assets/Asset Packs/BrokenVector/LowPolyStoragePack/Models/Cabinet_02.dae using Guid(a9cbe19c5ceb4e34e89fe52e9d4d8918) Importer(815301076,1909f56bfc062723c751e8b465ee728b)  -> (artifact id: '1bf51ab87e5c1ccde453f33efc99a0aa') in 0.045252 seconds 
========================================================================
Received Import Request.
  Time since last request: 0.000034 seconds.
  path: Assets/Asset Packs/BrokenVector/LowPolyStoragePack/Models/Cabinet_01.dae
  artifactKey: Guid(ffda0faa00b197942bab9c63c81e74e5) Importer(815301076,1909f56bfc062723c751e8b465ee728b)
Start importing Assets/Asset Packs/BrokenVector/LowPolyStoragePack/Models/Cabinet_01.dae using Guid(ffda0faa00b197942bab9c63c81e74e5) Importer(815301076,1909f56bfc062723c751e8b465ee728b)  -> (artifact id: '005752b8cead9afe9396e285f5cbf46f') in 0.054062 seconds 
========================================================================
Received Import Request.
  Time since last request: 0.000032 seconds.
  path: Assets/Asset Packs/BrokenVector/LowPolyStoragePack/Models/Cabinet_04.dae
  artifactKey: Guid(600ba151e48aa1b42afe71cd57559343) Importer(815301076,1909f56bfc062723c751e8b465ee728b)
Start importing Assets/Asset Packs/BrokenVector/LowPolyStoragePack/Models/Cabinet_04.dae using Guid(600ba151e48aa1b42afe71cd57559343) Importer(815301076,1909f56bfc062723c751e8b465ee728b)  -> (artifact id: '08a5139a766db1af7f8e26eeac200641') in 0.050953 seconds 
========================================================================
Received Import Request.
  Time since last request: 0.089881 seconds.
  path: Assets/Asset Packs/BrokenVector/LowPolyStoragePack/Models/Crate_01.dae
  artifactKey: Guid(37af191fce887fc4fa10ccff84e57459) Importer(815301076,1909f56bfc062723c751e8b465ee728b)
Start importing Assets/Asset Packs/BrokenVector/LowPolyStoragePack/Models/Crate_01.dae using Guid(37af191fce887fc4fa10ccff84e57459) Importer(815301076,1909f56bfc062723c751e8b465ee728b)  -> (artifact id: 'f2c7beb36695c85c4d97070165acb30d') in 0.050771 seconds 
========================================================================
Received Import Request.
  Time since last request: 0.000026 seconds.
  path: Assets/Asset Packs/BrokenVector/LowPolyStoragePack/Models/Crate_02.dae
  artifactKey: Guid(5453a8aedae39ad4a8f64c24f9fc848a) Importer(815301076,1909f56bfc062723c751e8b465ee728b)
Start importing Assets/Asset Packs/BrokenVector/LowPolyStoragePack/Models/Crate_02.dae using Guid(5453a8aedae39ad4a8f64c24f9fc848a) Importer(815301076,1909f56bfc062723c751e8b465ee728b)  -> (artifact id: '1e26830a60baa1f26047bc3b30a1c5ff') in 0.049750 seconds 
========================================================================
Received Import Request.
  Time since last request: 0.000017 seconds.
  path: Assets/Asset Packs/BrokenVector/LowPolyStoragePack/Models/ElectricBox_02.dae
  artifactKey: Guid(8b31306a55f55a443a1ae198d8098127) Importer(815301076,1909f56bfc062723c751e8b465ee728b)
Start importing Assets/Asset Packs/BrokenVector/LowPolyStoragePack/Models/ElectricBox_02.dae using Guid(8b31306a55f55a443a1ae198d8098127) Importer(815301076,1909f56bfc062723c751e8b465ee728b)  -> (artifact id: 'a0600e0031656711d986404fb24418e8') in 0.045638 seconds 
========================================================================
Received Import Request.
  Time since last request: 0.462675 seconds.
  path: Assets/Asset Packs/Low Poly Free Vegetation Pack/Prefabs/Flower 2.prefab
  artifactKey: Guid(eb027d38027a0474f9ac33e96dc2db19) Importer(815301076,1909f56bfc062723c751e8b465ee728b)
Start importing Assets/Asset Packs/Low Poly Free Vegetation Pack/Prefabs/Flower 2.prefab using Guid(eb027d38027a0474f9ac33e96dc2db19) Importer(815301076,1909f56bfc062723c751e8b465ee728b)  -> (artifact id: 'cd949fd96d767bc8fc99defd029a98a7') in 0.048463 seconds 
========================================================================
Received Import Request.
  Time since last request: 0.000027 seconds.
  path: Assets/Asset Packs/Low Poly Free Vegetation Pack/Meshes/Flowers.fbx
  artifactKey: Guid(cca983b037ca1f64a8a1fb9d9eb49bbb) Importer(815301076,1909f56bfc062723c751e8b465ee728b)
Start importing Assets/Asset Packs/Low Poly Free Vegetation Pack/Meshes/Flowers.fbx using Guid(cca983b037ca1f64a8a1fb9d9eb49bbb) Importer(815301076,1909f56bfc062723c751e8b465ee728b)  -> (artifact id: 'caca79250a5bbf790c264da077418fd2') in 0.091772 seconds 
========================================================================
Received Import Request.
  Time since last request: 0.303352 seconds.
  path: Assets/Asset Packs/BrokenVector/LowPolyStoragePack/Models/Giftbox_01.dae
  artifactKey: Guid(601dc9ecbb324ed488aeceaf99509326) Importer(815301076,1909f56bfc062723c751e8b465ee728b)
Start importing Assets/Asset Packs/BrokenVector/LowPolyStoragePack/Models/Giftbox_01.dae using Guid(601dc9ecbb324ed488aeceaf99509326) Importer(815301076,1909f56bfc062723c751e8b465ee728b)  -> (artifact id: 'e34a826d6817cbb1209ffb2448b65773') in 0.047932 seconds 
========================================================================
Received Import Request.
  Time since last request: 0.000029 seconds.
  path: Assets/Asset Packs/BrokenVector/LowPolyStoragePack/Models/Giftbox_03.dae
  artifactKey: Guid(6e1aa28bf5d4c4b4fa59f8a99be843a6) Importer(815301076,1909f56bfc062723c751e8b465ee728b)
Start importing Assets/Asset Packs/BrokenVector/LowPolyStoragePack/Models/Giftbox_03.dae using Guid(6e1aa28bf5d4c4b4fa59f8a99be843a6) Importer(815301076,1909f56bfc062723c751e8b465ee728b)  -> (artifact id: '68afcbf936dd4f288e009e1cbc451c14') in 0.052558 seconds 
========================================================================
Received Import Request.
  Time since last request: 2.220568 seconds.
  path: Assets/Asset Packs/Low Poly Free Vegetation Pack/Prefabs/Tree 2.prefab
  artifactKey: Guid(b0b4c1c1dea91474e80b958446c76e5b) Importer(815301076,1909f56bfc062723c751e8b465ee728b)
Start importing Assets/Asset Packs/Low Poly Free Vegetation Pack/Prefabs/Tree 2.prefab using Guid(b0b4c1c1dea91474e80b958446c76e5b) Importer(815301076,1909f56bfc062723c751e8b465ee728b)  -> (artifact id: '5ec7f847ca4ffddd25e8ea74c645baed') in 0.060653 seconds 
========================================================================
Received Import Request.
  Time since last request: 0.000023 seconds.
  path: Assets/Asset Packs/Low Poly Free Vegetation Pack/Meshes/Trees.fbx
  artifactKey: Guid(35d16cd66330b3d478844c42dfc1912a) Importer(815301076,1909f56bfc062723c751e8b465ee728b)
Start importing Assets/Asset Packs/Low Poly Free Vegetation Pack/Meshes/Trees.fbx using Guid(35d16cd66330b3d478844c42dfc1912a) Importer(815301076,1909f56bfc062723c751e8b465ee728b)  -> (artifact id: 'c5b4fdafa0a8be2a79badf986c7be9e5') in 0.169976 seconds 
========================================================================
Received Import Request.
  Time since last request: 237.476466 seconds.
  path: Assets/Asset Packs/Low Poly Free Vegetation Pack/Meshes/Log.fbx
  artifactKey: Guid(2fc4f35c395a8444a8864c11b6d62042) Importer(815301076,1909f56bfc062723c751e8b465ee728b)
Start importing Assets/Asset Packs/Low Poly Free Vegetation Pack/Meshes/Log.fbx using Guid(2fc4f35c395a8444a8864c11b6d62042) Importer(815301076,1909f56bfc062723c751e8b465ee728b)  -> (artifact id: 'db73840f9dd0751287d937f40f004a8b') in 0.058366 seconds 
========================================================================
Received Import Request.
  Time since last request: 0.113561 seconds.
  path: Assets/Asset Packs/Supercyan Free Forest Sample/Prefabs/Mobile/Foliage/Grass/Mobile_forestpack_foliage_grassPatch_small_1.prefab
  artifactKey: Guid(b2e600f943c41f34a89a2843ea98a353) Importer(815301076,1909f56bfc062723c751e8b465ee728b)
Start importing Assets/Asset Packs/Supercyan Free Forest Sample/Prefabs/Mobile/Foliage/Grass/Mobile_forestpack_foliage_grassPatch_small_1.prefab using Guid(b2e600f943c41f34a89a2843ea98a353) Importer(815301076,1909f56bfc062723c751e8b465ee728b)  -> (artifact id: '2e3f27a97e02c4c3a3059a68b679580a') in 0.099580 seconds 
========================================================================
Received Import Request.
  Time since last request: 0.000019 seconds.
  path: Assets/Asset Packs/Low Poly Free Vegetation Pack/Prefabs/Mushroom 1.prefab
  artifactKey: Guid(c4e981a1c971f6242b943d74ed0d8a65) Importer(815301076,1909f56bfc062723c751e8b465ee728b)
Start importing Assets/Asset Packs/Low Poly Free Vegetation Pack/Prefabs/Mushroom 1.prefab using Guid(c4e981a1c971f6242b943d74ed0d8a65) Importer(815301076,1909f56bfc062723c751e8b465ee728b)  -> (artifact id: '73434c94973f6ea8be809654dda29ccb') in 0.075813 seconds 
========================================================================
Received Import Request.
  Time since last request: 0.000027 seconds.
  path: Assets/Asset Packs/Low Poly Free Vegetation Pack/Meshes/Mushrooms.fbx
  artifactKey: Guid(c43f8078a174987439a67ccaab3be883) Importer(815301076,1909f56bfc062723c751e8b465ee728b)
Start importing Assets/Asset Packs/Low Poly Free Vegetation Pack/Meshes/Mushrooms.fbx using Guid(c43f8078a174987439a67ccaab3be883) Importer(815301076,1909f56bfc062723c751e8b465ee728b)  -> (artifact id: 'ad565a1725bdb2d6f70e605b99e9943d') in 0.079107 seconds 
========================================================================
Received Import Request.
  Time since last request: 0.000028 seconds.
  path: Assets/Asset Packs/Low Poly Free Vegetation Pack/Prefabs/Mushroom 3.prefab
  artifactKey: Guid(f9ba43b4d4d826f47aa990da47cf55a1) Importer(815301076,1909f56bfc062723c751e8b465ee728b)
Start importing Assets/Asset Packs/Low Poly Free Vegetation Pack/Prefabs/Mushroom 3.prefab using Guid(f9ba43b4d4d826f47aa990da47cf55a1) Importer(815301076,1909f56bfc062723c751e8b465ee728b)  -> (artifact id: '5a1beeef25f26b8b02a347c3a2b86b49') in 0.045999 seconds 
========================================================================
Received Import Request.
  Time since last request: 0.000023 seconds.
  path: Assets/Asset Packs/Low Poly Free Vegetation Pack/Prefabs/Mushroom 2.prefab
  artifactKey: Guid(18af26af61ee8234caa44dc89f89d5cf) Importer(815301076,1909f56bfc062723c751e8b465ee728b)
Start importing Assets/Asset Packs/Low Poly Free Vegetation Pack/Prefabs/Mushroom 2.prefab using Guid(18af26af61ee8234caa44dc89f89d5cf) Importer(815301076,1909f56bfc062723c751e8b465ee728b)  -> (artifact id: '1b42d8042fea7abd16986a61ab6fc918') in 0.041828 seconds 
========================================================================
Received Import Request.
  Time since last request: 0.000023 seconds.
  path: Assets/Asset Packs/Low Poly Free Vegetation Pack/Meshes/Plants.fbx
  artifactKey: Guid(de4845ea01e8a9f4fb204f6027315675) Importer(815301076,1909f56bfc062723c751e8b465ee728b)
Start importing Assets/Asset Packs/Low Poly Free Vegetation Pack/Meshes/Plants.fbx using Guid(de4845ea01e8a9f4fb204f6027315675) Importer(815301076,1909f56bfc062723c751e8b465ee728b)  -> (artifact id: '2788bd9b0f67079748d27de7f68ed83e') in 0.092124 seconds 
========================================================================
Received Import Request.
  Time since last request: 1.043468 seconds.
  path: Assets/Asset Packs/Low Poly Free Vegetation Pack/Prefabs/Rock 2.prefab
  artifactKey: Guid(4de9cfc6da7eef349881466ae54ea745) Importer(815301076,1909f56bfc062723c751e8b465ee728b)
Start importing Assets/Asset Packs/Low Poly Free Vegetation Pack/Prefabs/Rock 2.prefab using Guid(4de9cfc6da7eef349881466ae54ea745) Importer(815301076,1909f56bfc062723c751e8b465ee728b)  -> (artifact id: 'e3b7bcad3a7da248f1a78521a7566a76') in 0.042297 seconds 
========================================================================
Received Import Request.
  Time since last request: 0.000021 seconds.
  path: Assets/Asset Packs/Low Poly Free Vegetation Pack/Prefabs/Rock 4.prefab
  artifactKey: Guid(81a7d23c8cb63c94cbb1842341b86493) Importer(815301076,1909f56bfc062723c751e8b465ee728b)
Start importing Assets/Asset Packs/Low Poly Free Vegetation Pack/Prefabs/Rock 4.prefab using Guid(81a7d23c8cb63c94cbb1842341b86493) Importer(815301076,1909f56bfc062723c751e8b465ee728b)  -> (artifact id: '9dcb02713e7d38bfad569358697c512c') in 0.047080 seconds 
========================================================================
Received Import Request.
  Time since last request: 0.000021 seconds.
  path: Assets/Asset Packs/Low Poly Free Vegetation Pack/Prefabs/Rock 5.prefab
  artifactKey: Guid(d0976a0f16cdc8e419422a94ffec72d1) Importer(815301076,1909f56bfc062723c751e8b465ee728b)
Start importing Assets/Asset Packs/Low Poly Free Vegetation Pack/Prefabs/Rock 5.prefab using Guid(d0976a0f16cdc8e419422a94ffec72d1) Importer(815301076,1909f56bfc062723c751e8b465ee728b)  -> (artifact id: '25649afa7c3fd14f96edb97dd4b4efc0') in 0.039327 seconds 
========================================================================
Received Import Request.
  Time since last request: 0.627117 seconds.
  path: Assets/Asset Packs/Low Poly Free Vegetation Pack/Prefabs/Small Rock 1.prefab
  artifactKey: Guid(5affa63adb5a6e44ea78a6528f5b7331) Importer(815301076,1909f56bfc062723c751e8b465ee728b)
Start importing Assets/Asset Packs/Low Poly Free Vegetation Pack/Prefabs/Small Rock 1.prefab using Guid(5affa63adb5a6e44ea78a6528f5b7331) Importer(815301076,1909f56bfc062723c751e8b465ee728b)  -> (artifact id: '1e6f61158be1bffc5c7d35a781fa72de') in 0.046756 seconds 
========================================================================
Received Import Request.
  Time since last request: 0.000026 seconds.
  path: Assets/Asset Packs/Low Poly Free Vegetation Pack/Prefabs/Small Terrrain 1.prefab
  artifactKey: Guid(b21d66484532de24d9a537a803ad99ea) Importer(815301076,1909f56bfc062723c751e8b465ee728b)
Start importing Assets/Asset Packs/Low Poly Free Vegetation Pack/Prefabs/Small Terrrain 1.prefab using Guid(b21d66484532de24d9a537a803ad99ea) Importer(815301076,1909f56bfc062723c751e8b465ee728b)  -> (artifact id: '202a61a4e4e70f70cf1795106aabf13b') in 0.050791 seconds 
========================================================================
Received Import Request.
  Time since last request: 0.000029 seconds.
  path: Assets/Asset Packs/Low Poly Free Vegetation Pack/Meshes/Stumps.fbx
  artifactKey: Guid(480d29c512ed7c94c84fd730bfb23246) Importer(815301076,1909f56bfc062723c751e8b465ee728b)
Start importing Assets/Asset Packs/Low Poly Free Vegetation Pack/Meshes/Stumps.fbx using Guid(480d29c512ed7c94c84fd730bfb23246) Importer(815301076,1909f56bfc062723c751e8b465ee728b)  -> (artifact id: '0d4e215e039cf4a09a73e96423999297') in 0.089963 seconds 
========================================================================
Received Import Request.
  Time since last request: 0.000018 seconds.
  path: Assets/Asset Packs/Low Poly Free Vegetation Pack/Prefabs/Small Terrrain 5.prefab
  artifactKey: Guid(03cc72561cbb9e546b41049099284b6b) Importer(815301076,1909f56bfc062723c751e8b465ee728b)
Start importing Assets/Asset Packs/Low Poly Free Vegetation Pack/Prefabs/Small Terrrain 5.prefab using Guid(03cc72561cbb9e546b41049099284b6b) Importer(815301076,1909f56bfc062723c751e8b465ee728b)  -> (artifact id: '9df31bc6f1536f5430ee488f5d9a5456') in 0.044431 seconds 
========================================================================
Received Import Request.
  Time since last request: 0.000018 seconds.
  path: Assets/Asset Packs/BrokenVector/LowPolyStoragePack/Models/StorageRack_02.dae
  artifactKey: Guid(7ba0b5a941909f2499cfeed8a6d6a591) Importer(815301076,1909f56bfc062723c751e8b465ee728b)
Start importing Assets/Asset Packs/BrokenVector/LowPolyStoragePack/Models/StorageRack_02.dae using Guid(7ba0b5a941909f2499cfeed8a6d6a591) Importer(815301076,1909f56bfc062723c751e8b465ee728b)  -> (artifact id: '073c875bac2588a4210a1c391a2ae0dc') in 0.050122 seconds 
========================================================================
Received Import Request.
  Time since last request: 0.000035 seconds.
  path: Assets/Asset Packs/BrokenVector/LowPolyStoragePack/Models/Suitcase_01.dae
  artifactKey: Guid(0ea575825eb921d459f33d8288f64917) Importer(815301076,1909f56bfc062723c751e8b465ee728b)
Start importing Assets/Asset Packs/BrokenVector/LowPolyStoragePack/Models/Suitcase_01.dae using Guid(0ea575825eb921d459f33d8288f64917) Importer(815301076,1909f56bfc062723c751e8b465ee728b)  -> (artifact id: 'bca3678fdd234578da582a8a7cef0800') in 0.054602 seconds 
========================================================================
Received Import Request.
  Time since last request: 0.000021 seconds.
  path: Assets/Asset Packs/Low Poly Free Vegetation Pack/Prefabs/Small Rock 2.prefab
  artifactKey: Guid(904c994af20bbf64493c06b741e63cb4) Importer(815301076,1909f56bfc062723c751e8b465ee728b)
Start importing Assets/Asset Packs/Low Poly Free Vegetation Pack/Prefabs/Small Rock 2.prefab using Guid(904c994af20bbf64493c06b741e63cb4) Importer(815301076,1909f56bfc062723c751e8b465ee728b)  -> (artifact id: '38de383cd0036d54b017696f061f7aca') in 0.043106 seconds 
========================================================================
Received Import Request.
  Time since last request: 0.000034 seconds.
  path: Assets/Asset Packs/Low Poly Free Vegetation Pack/Prefabs/Stump 2.prefab
  artifactKey: Guid(89c243b5404a4554985c1d903093fa00) Importer(815301076,1909f56bfc062723c751e8b465ee728b)
Start importing Assets/Asset Packs/Low Poly Free Vegetation Pack/Prefabs/Stump 2.prefab using Guid(89c243b5404a4554985c1d903093fa00) Importer(815301076,1909f56bfc062723c751e8b465ee728b)  -> (artifact id: '24a8cb34094c7cac5f68713b3fee8240') in 0.042399 seconds 
========================================================================
Received Import Request.
  Time since last request: 0.000023 seconds.
  path: Assets/Asset Packs/Low Poly Free Vegetation Pack/Prefabs/Small Terrrain 4.prefab
  artifactKey: Guid(5e506b9ce8ec1274cac6a26f50ec2f32) Importer(815301076,1909f56bfc062723c751e8b465ee728b)
Start importing Assets/Asset Packs/Low Poly Free Vegetation Pack/Prefabs/Small Terrrain 4.prefab using Guid(5e506b9ce8ec1274cac6a26f50ec2f32) Importer(815301076,1909f56bfc062723c751e8b465ee728b)  -> (artifact id: '5b5e45add8f4a2bfd428f164435bc674') in 0.039644 seconds 
========================================================================
Received Import Request.
  Time since last request: 0.000022 seconds.
  path: Assets/Asset Packs/Low Poly Free Vegetation Pack/Prefabs/Small Terrrain 3.prefab
  artifactKey: Guid(40f6e5148a18e26439d44d5b54624465) Importer(815301076,1909f56bfc062723c751e8b465ee728b)
Start importing Assets/Asset Packs/Low Poly Free Vegetation Pack/Prefabs/Small Terrrain 3.prefab using Guid(40f6e5148a18e26439d44d5b54624465) Importer(815301076,1909f56bfc062723c751e8b465ee728b)  -> (artifact id: '725c03555db16bcf90837948b20c51d0') in 0.045788 seconds 
========================================================================
Received Import Request.
  Time since last request: 0.000023 seconds.
  path: Assets/Asset Packs/Low Poly Free Vegetation Pack/Prefabs/Small Rock 5.prefab
  artifactKey: Guid(e282280263592284b8c7c955e3517805) Importer(815301076,1909f56bfc062723c751e8b465ee728b)
Start importing Assets/Asset Packs/Low Poly Free Vegetation Pack/Prefabs/Small Rock 5.prefab using Guid(e282280263592284b8c7c955e3517805) Importer(815301076,1909f56bfc062723c751e8b465ee728b)  -> (artifact id: '3c6cd13b53643ab9e07da28b86e04e66') in 0.044242 seconds 
========================================================================
Received Import Request.
  Time since last request: 0.267293 seconds.
  path: Assets/Asset Packs/Low Poly Free Vegetation Pack/Prefabs/Terrain 2.prefab
  artifactKey: Guid(52a72dc5dc27035429e88dd0fcf135db) Importer(815301076,1909f56bfc062723c751e8b465ee728b)
Start importing Assets/Asset Packs/Low Poly Free Vegetation Pack/Prefabs/Terrain 2.prefab using Guid(52a72dc5dc27035429e88dd0fcf135db) Importer(815301076,1909f56bfc062723c751e8b465ee728b)  -> (artifact id: '921e41c6a712f316852cca1e724001db') in 0.040425 seconds 
========================================================================
Received Import Request.
  Time since last request: 0.000037 seconds.
  path: Assets/Asset Packs/Low Poly Free Vegetation Pack/Prefabs/Terrain 3.prefab
  artifactKey: Guid(61e47e93992af424aa861db021ff3420) Importer(815301076,1909f56bfc062723c751e8b465ee728b)
Start importing Assets/Asset Packs/Low Poly Free Vegetation Pack/Prefabs/Terrain 3.prefab using Guid(61e47e93992af424aa861db021ff3420) Importer(815301076,1909f56bfc062723c751e8b465ee728b)  -> (artifact id: 'e4b11f9f61068821ea94acba70e75e2e') in 0.044378 seconds 
========================================================================
Received Import Request.
  Time since last request: 0.000048 seconds.
  path: Assets/Asset Packs/Low Poly Free Vegetation Pack/Prefabs/Terrain 5.prefab
  artifactKey: Guid(cc5c88d03147e4649ba476b947a8c684) Importer(815301076,1909f56bfc062723c751e8b465ee728b)
Start importing Assets/Asset Packs/Low Poly Free Vegetation Pack/Prefabs/Terrain 5.prefab using Guid(cc5c88d03147e4649ba476b947a8c684) Importer(815301076,1909f56bfc062723c751e8b465ee728b)  -> (artifact id: '9b07e38cdd58965511d2311f17b9435e') in 0.042486 seconds 
========================================================================
Received Import Request.
  Time since last request: 0.000030 seconds.
  path: Assets/Asset Packs/Low Poly Free Vegetation Pack/Prefabs/Terrain 4.prefab
  artifactKey: Guid(95825788e37296d41afedaf1f2acc1b9) Importer(815301076,1909f56bfc062723c751e8b465ee728b)
Start importing Assets/Asset Packs/Low Poly Free Vegetation Pack/Prefabs/Terrain 4.prefab using Guid(95825788e37296d41afedaf1f2acc1b9) Importer(815301076,1909f56bfc062723c751e8b465ee728b)  -> (artifact id: 'fa6606a2707778ba95520620620d83c1') in 0.041837 seconds 
========================================================================
Received Import Request.
  Time since last request: 0.170852 seconds.
  path: Assets/Asset Packs/BrokenVector/LowPolyStoragePack/Models/TreasureChest.dae
  artifactKey: Guid(f0ba207fffea77846a8a979cf75f36e6) Importer(815301076,1909f56bfc062723c751e8b465ee728b)
Start importing Assets/Asset Packs/BrokenVector/LowPolyStoragePack/Models/TreasureChest.dae using Guid(f0ba207fffea77846a8a979cf75f36e6) Importer(815301076,1909f56bfc062723c751e8b465ee728b)  -> (artifact id: '50139aef8435541e76d88b3cad730e68') in 0.049816 seconds 
========================================================================
Received Import Request.
  Time since last request: 0.054024 seconds.
  path: Assets/Asset Packs/Low Poly Free Vegetation Pack/Meshes/Water.fbx
  artifactKey: Guid(c8c97c5e6fffa9e4596aeabe219fe18f) Importer(815301076,1909f56bfc062723c751e8b465ee728b)
Start importing Assets/Asset Packs/Low Poly Free Vegetation Pack/Meshes/Water.fbx using Guid(c8c97c5e6fffa9e4596aeabe219fe18f) Importer(815301076,1909f56bfc062723c751e8b465ee728b)  -> (artifact id: '5d392ca323a491092ca618278ad59e99') in 0.068068 seconds 
Editor requested this worker to shutdown with reason: Scaling down because of idle timeout
AssetImportWorker is now disconnected from the server
Process exiting
Exiting without the bug reporter. Application will terminate with return code 0