Using pre-set license
Built from '2021.2/staging' branch; Version is '2021.2.11f1 (e50cafbb4399) revision 15010991'; Using compiler version '192829333'; Build Type 'Release'
OS: 'Windows 10  (10.0.19044) 64bit Core' Language: 'en' Physical Memory: 16252 MB
BatchMode: 1, IsHumanControllingUs: 0, StartBugReporterOnCrash: 0, Is64bit: 1, IsPro: 0

COMMAND LINE ARGUMENTS:
C:\Program Files\Unity\Hub\Editor\2021.2.11f1\Editor\Unity.exe
-adb2
-batchMode
-noUpm
-name
AssetImportWorker0
-projectPath
C:/Users/barba/Documents/GitHub/Context2/Project Context2
-logFile
Logs/AssetImportWorker0.log
-srvPort
55852
Successfully changed project path to: C:/Users/barba/Documents/GitHub/Context2/Project Context2
C:/Users/barba/Documents/GitHub/Context2/Project Context2
[UnityMemory] Configuration Parameters - Can be set up in boot.config
    "memorysetup-bucket-allocator-granularity=16"
    "memorysetup-bucket-allocator-bucket-count=8"
    "memorysetup-bucket-allocator-block-size=33554432"
    "memorysetup-bucket-allocator-block-count=8"
    "memorysetup-main-allocator-block-size=16777216"
    "memorysetup-thread-allocator-block-size=16777216"
    "memorysetup-gfx-main-allocator-block-size=16777216"
    "memorysetup-gfx-thread-allocator-block-size=16777216"
    "memorysetup-cache-allocator-block-size=4194304"
    "memorysetup-typetree-allocator-block-size=2097152"
    "memorysetup-profiler-bucket-allocator-granularity=16"
    "memorysetup-profiler-bucket-allocator-bucket-count=8"
    "memorysetup-profiler-bucket-allocator-block-size=33554432"
    "memorysetup-profiler-bucket-allocator-block-count=8"
    "memorysetup-profiler-allocator-block-size=16777216"
    "memorysetup-profiler-editor-allocator-block-size=1048576"
    "memorysetup-temp-allocator-size-main=16777216"
    "memorysetup-job-temp-allocator-block-size=2097152"
    "memorysetup-job-temp-allocator-block-size-background=1048576"
    "memorysetup-job-temp-allocator-reduction-small-platforms=262144"
    "memorysetup-temp-allocator-size-background-worker=32768"
    "memorysetup-temp-allocator-size-job-worker=262144"
    "memorysetup-temp-allocator-size-preload-manager=33554432"
    "memorysetup-temp-allocator-size-nav-mesh-worker=65536"
    "memorysetup-temp-allocator-size-audio-worker=65536"
    "memorysetup-temp-allocator-size-cloud-worker=32768"
    "memorysetup-temp-allocator-size-gi-baking-worker=262144"
    "memorysetup-temp-allocator-size-gfx=262144"
Refreshing native plugins compatible for Editor in 49.62 ms, found 2 plugins.
Preloading 0 native plugins for Editor in 0.00 ms.
Initialize engine version: 2021.2.11f1 (e50cafbb4399)
[Subsystems] Discovering subsystems at path C:/Program Files/Unity/Hub/Editor/2021.2.11f1/Editor/Data/Resources/UnitySubsystems
[Subsystems] Discovering subsystems at path C:/Users/barba/Documents/GitHub/Context2/Project Context2/Assets
GfxDevice: creating device client; threaded=0; jobified=0
Direct3D:
    Version:  Direct3D 11.0 [level 11.1]
    Renderer: NVIDIA GeForce GTX 1650 (ID=0x1f99)
    Vendor:   NVIDIA
    VRAM:     3962 MB
    Driver:   27.21.14.6230
Initialize mono
Mono path[0] = 'C:/Program Files/Unity/Hub/Editor/2021.2.11f1/Editor/Data/Managed'
Mono path[1] = 'C:/Program Files/Unity/Hub/Editor/2021.2.11f1/Editor/Data/MonoBleedingEdge/lib/mono/unityjit-win32'
Mono config path = 'C:/Program Files/Unity/Hub/Editor/2021.2.11f1/Editor/Data/MonoBleedingEdge/etc'
Using monoOptions --debugger-agent=transport=dt_socket,embedding=1,server=y,suspend=n,address=127.0.0.1:56728
Begin MonoManager ReloadAssembly
Registering precompiled unity dll's ...
Register platform support module: C:/Program Files/Unity/Hub/Editor/2021.2.11f1/Editor/Data/PlaybackEngines/WindowsStandaloneSupport/UnityEditor.WindowsStandalone.Extensions.dll
Registered in 0.007169 seconds.
Native extension for WindowsStandalone target not found
Refreshing native plugins compatible for Editor in 54.99 ms, found 2 plugins.
Preloading 0 native plugins for Editor in 0.00 ms.
Mono: successfully reloaded assembly
- Completed reload, in  0.593 seconds
Domain Reload Profiling:
	ReloadAssembly (593ms)
		BeginReloadAssembly (80ms)
			ExecutionOrderSort (0ms)
			DisableScriptedObjects (0ms)
			BackupInstance (0ms)
			ReleaseScriptingObjects (0ms)
			CreateAndSetChildDomain (1ms)
		EndReloadAssembly (437ms)
			LoadAssemblies (78ms)
			RebuildTransferFunctionScriptingTraits (0ms)
			SetupTypeCache (98ms)
			ReleaseScriptCaches (0ms)
			RebuildScriptCaches (27ms)
			SetupLoadedEditorAssemblies (261ms)
				LogAssemblyErrors (0ms)
				InitializePlatformSupportModulesInManaged (15ms)
				SetLoadedEditorAssemblies (0ms)
				RefreshPlugins (55ms)
				BeforeProcessingInitializeOnLoad (1ms)
				ProcessInitializeOnLoadAttributes (140ms)
				ProcessInitializeOnLoadMethodAttributes (49ms)
				AfterProcessingInitializeOnLoad (0ms)
				EditorAssembliesLoaded (0ms)
			ExecutionOrderSort2 (0ms)
			AwakeInstancesAfterBackupRestoration (0ms)
Platform modules already initialized, skipping
Registering precompiled user dll's ...
Registered in 0.006968 seconds.
Begin MonoManager ReloadAssembly
Native extension for WindowsStandalone target not found
Refreshing native plugins compatible for Editor in 57.26 ms, found 2 plugins.
Preloading 0 native plugins for Editor in 0.00 ms.
Mono: successfully reloaded assembly
- Completed reload, in  1.599 seconds
Domain Reload Profiling:
	ReloadAssembly (1600ms)
		BeginReloadAssembly (116ms)
			ExecutionOrderSort (0ms)
			DisableScriptedObjects (6ms)
			BackupInstance (0ms)
			ReleaseScriptingObjects (0ms)
			CreateAndSetChildDomain (18ms)
		EndReloadAssembly (1392ms)
			LoadAssemblies (96ms)
			RebuildTransferFunctionScriptingTraits (0ms)
			SetupTypeCache (233ms)
			ReleaseScriptCaches (1ms)
			RebuildScriptCaches (55ms)
			SetupLoadedEditorAssemblies (967ms)
				LogAssemblyErrors (0ms)
				InitializePlatformSupportModulesInManaged (11ms)
				SetLoadedEditorAssemblies (0ms)
				RefreshPlugins (57ms)
				BeforeProcessingInitializeOnLoad (84ms)
				ProcessInitializeOnLoadAttributes (734ms)
				ProcessInitializeOnLoadMethodAttributes (72ms)
				AfterProcessingInitializeOnLoad (8ms)
				EditorAssembliesLoaded (0ms)
			ExecutionOrderSort2 (0ms)
			AwakeInstancesAfterBackupRestoration (7ms)
Platform modules already initialized, skipping
========================================================================
Worker process is ready to serve import requests
Launched and connected shader compiler UnityShaderCompiler.exe after 0.05 seconds
Refreshing native plugins compatible for Editor in 0.59 ms, found 2 plugins.
Preloading 0 native plugins for Editor in 0.00 ms.
Unloading 3468 Unused Serialized files (Serialized files now loaded: 0)
Unloading 40 unused Assets / (416.4 KB). Loaded Objects now: 3924.
Memory consumption went from 159.8 MB to 159.3 MB.
Total: 3.326500 ms (FindLiveObjects: 0.289900 ms CreateObjectMapping: 0.233100 ms MarkObjects: 2.663800 ms  DeleteObjects: 0.138500 ms)

AssetImportParameters requested are different than current active one (requested -> active):
  custom:video-decoder-ogg-theora: a1e56fd34408186e4bbccfd4996cb3dc -> 
  custom:container-muxer-webm: aa71ff27fc2769a1b78a27578f13a17b -> 
  custom:container-demuxer-webm: 4f35f7cbe854078d1ac9338744f61a02 -> 
  custom:video-encoder-webm-vp8: eb34c28f22e8b96e1ab97ce403110664 -> 
  custom:video-codec-MediaFoundation-h265: 746d11721c4dcdbdad8f713fa42b33f4 -> 
  custom:audio-encoder-webm-vorbis: bf7c407c2cedff20999df2af8eb42d56 -> 
  custom:framework-win-MediaFoundation: 216162199b28c13a410421893ffa2e32 -> 
  custom:container-demuxer-ogg: 62fdf1f143b41e24485cea50d1cbac27 -> 
  custom:video-decoder-webm-vp8: 9c59270c3fd7afecdb556c50c9e8de78 -> 
  custom:audio-decoder-ogg-vorbis: bf7c407c2cedff20999df2af8eb42d56 -> 
========================================================================
Received Import Request.
  Time since last request: 148318.388677 seconds.
  path: Assets/New Terrain.asset
  artifactKey: Guid(9fec1c1fee0827547b7cce2765a79022) Importer(815301076,1909f56bfc062723c751e8b465ee728b)
Start importing Assets/New Terrain.asset using Guid(9fec1c1fee0827547b7cce2765a79022) Importer(815301076,1909f56bfc062723c751e8b465ee728b)  -> (artifact id: '16c5728a929ce66784a030a9276955e3') in 0.382755 seconds 
========================================================================
Received Import Request.
  Time since last request: 103.602314 seconds.
  path: Assets/Scenes/KimScene.unity
  artifactKey: Guid(0b35f460a194f0a46b3871d0552906d9) Importer(815301076,1909f56bfc062723c751e8b465ee728b)
Start importing Assets/Scenes/KimScene.unity using Guid(0b35f460a194f0a46b3871d0552906d9) Importer(815301076,1909f56bfc062723c751e8b465ee728b)  -> (artifact id: '2e2ea054d5767f792d4d4bbaf4081cf1') in 0.028079 seconds 
========================================================================
Received Import Request.
  Time since last request: 270.029855 seconds.
  path: Assets/KimStuff/Fence1.prefab
  artifactKey: Guid(7c3defb435ba02c4d8d213ef5816f9bd) Importer(815301076,1909f56bfc062723c751e8b465ee728b)
Start importing Assets/KimStuff/Fence1.prefab using Guid(7c3defb435ba02c4d8d213ef5816f9bd) Importer(815301076,1909f56bfc062723c751e8b465ee728b)  -> (artifact id: 'c2b283708ad7b8472269e123baa5985d') in 0.233583 seconds 
========================================================================
Received Import Request.
  Time since last request: 0.000023 seconds.
  path: Assets/KimStuff/MovingAwayBlockout.prefab
  artifactKey: Guid(dc0b7e653eeac9f4088f0c1940bbe34e) Importer(815301076,1909f56bfc062723c751e8b465ee728b)
Start importing Assets/KimStuff/MovingAwayBlockout.prefab using Guid(dc0b7e653eeac9f4088f0c1940bbe34e) Importer(815301076,1909f56bfc062723c751e8b465ee728b)  -> (artifact id: '5c44d889a656d2f4601517cee121e4ce') in 0.057308 seconds 
========================================================================
Received Import Request.
  Time since last request: 0.000036 seconds.
  path: Assets/KimStuff/NewLayer.terrainlayer
  artifactKey: Guid(2bbd4bd2ac4fdd2429e20d8ef654ddcf) Importer(815301076,1909f56bfc062723c751e8b465ee728b)
Start importing Assets/KimStuff/NewLayer.terrainlayer using Guid(2bbd4bd2ac4fdd2429e20d8ef654ddcf) Importer(815301076,1909f56bfc062723c751e8b465ee728b)  -> (artifact id: '111be01432403e1fac0fba8e046da6e7') in 0.044569 seconds 
========================================================================
Received Import Request.
  Time since last request: 0.000030 seconds.
  path: Assets/KimStuff/Peasant House.prefab
  artifactKey: Guid(6cfa2696c21875d4e878d498d6a45ab6) Importer(815301076,1909f56bfc062723c751e8b465ee728b)
Start importing Assets/KimStuff/Peasant House.prefab using Guid(6cfa2696c21875d4e878d498d6a45ab6) Importer(815301076,1909f56bfc062723c751e8b465ee728b)  -> (artifact id: '3f2b9eebd1175937d9cd25671875da0e') in 0.043872 seconds 
========================================================================
Received Import Request.
  Time since last request: 0.000021 seconds.
  path: Assets/KimStuff/Viewpoint.prefab
  artifactKey: Guid(d5a2479654dc1794c871a44ad8958b3f) Importer(815301076,1909f56bfc062723c751e8b465ee728b)
Start importing Assets/KimStuff/Viewpoint.prefab using Guid(d5a2479654dc1794c871a44ad8958b3f) Importer(815301076,1909f56bfc062723c751e8b465ee728b)  -> (artifact id: 'e94fb502d2417c3c28686f09bf784d3e') in 0.086158 seconds 
========================================================================
Received Import Request.
  Time since last request: 0.000025 seconds.
  path: Assets/KimStuff/GenericNPC.prefab
  artifactKey: Guid(07cb9c0ea2f351e40bdb6a495126515a) Importer(815301076,1909f56bfc062723c751e8b465ee728b)
Start importing Assets/KimStuff/GenericNPC.prefab using Guid(07cb9c0ea2f351e40bdb6a495126515a) Importer(815301076,1909f56bfc062723c751e8b465ee728b)  -> (artifact id: '479d353535ddf8c07d2626c7dd58cad4') in 0.035246 seconds 
========================================================================
Received Prepare
Registering precompiled user dll's ...
Registered in 0.008991 seconds.
Begin MonoManager ReloadAssembly
Native extension for WindowsStandalone target not found
Refreshing native plugins compatible for Editor in 49.62 ms, found 2 plugins.
Preloading 0 native plugins for Editor in 0.00 ms.
Mono: successfully reloaded assembly
- Completed reload, in  1.352 seconds
Domain Reload Profiling:
	ReloadAssembly (1352ms)
		BeginReloadAssembly (154ms)
			ExecutionOrderSort (0ms)
			DisableScriptedObjects (13ms)
			BackupInstance (0ms)
			ReleaseScriptingObjects (0ms)
			CreateAndSetChildDomain (45ms)
		EndReloadAssembly (1098ms)
			LoadAssemblies (88ms)
			RebuildTransferFunctionScriptingTraits (0ms)
			SetupTypeCache (220ms)
			ReleaseScriptCaches (2ms)
			RebuildScriptCaches (50ms)
			SetupLoadedEditorAssemblies (630ms)
				LogAssemblyErrors (0ms)
				InitializePlatformSupportModulesInManaged (11ms)
				SetLoadedEditorAssemblies (0ms)
				RefreshPlugins (50ms)
				BeforeProcessingInitializeOnLoad (71ms)
				ProcessInitializeOnLoadAttributes (422ms)
				ProcessInitializeOnLoadMethodAttributes (67ms)
				AfterProcessingInitializeOnLoad (9ms)
				EditorAssembliesLoaded (0ms)
			ExecutionOrderSort2 (0ms)
			AwakeInstancesAfterBackupRestoration (23ms)
Platform modules already initialized, skipping
Refreshing native plugins compatible for Editor in 1.01 ms, found 2 plugins.
Preloading 0 native plugins for Editor in 0.00 ms.
Unloading 3528 Unused Serialized files (Serialized files now loaded: 0)
Unloading 72 unused Assets / (4.1 MB). Loaded Objects now: 4323.
Memory consumption went from 191.8 MB to 187.7 MB.
Total: 4.046000 ms (FindLiveObjects: 0.354800 ms CreateObjectMapping: 0.252700 ms MarkObjects: 2.394700 ms  DeleteObjects: 1.043100 ms)

AssetImportParameters requested are different than current active one (requested -> active):
  custom:video-decoder-ogg-theora: a1e56fd34408186e4bbccfd4996cb3dc -> 
  custom:container-muxer-webm: aa71ff27fc2769a1b78a27578f13a17b -> 
  custom:container-demuxer-webm: 4f35f7cbe854078d1ac9338744f61a02 -> 
  custom:video-encoder-webm-vp8: eb34c28f22e8b96e1ab97ce403110664 -> 
  custom:video-codec-MediaFoundation-h265: 746d11721c4dcdbdad8f713fa42b33f4 -> 
  custom:audio-encoder-webm-vorbis: bf7c407c2cedff20999df2af8eb42d56 -> 
  custom:framework-win-MediaFoundation: 216162199b28c13a410421893ffa2e32 -> 
  custom:container-demuxer-ogg: 62fdf1f143b41e24485cea50d1cbac27 -> 
  custom:video-decoder-webm-vp8: 9c59270c3fd7afecdb556c50c9e8de78 -> 
  custom:audio-decoder-ogg-vorbis: bf7c407c2cedff20999df2af8eb42d56 -> 
========================================================================
Received Import Request.
  Time since last request: 1497.215726 seconds.
  path: Assets/Asset Packs/Pure Poly/Free Low Poly Nature Pack/Materials/PP_Ground.mat
  artifactKey: Guid(2f984dd1b63fbc24abdd916834492e6e) Importer(815301076,1909f56bfc062723c751e8b465ee728b)
Start importing Assets/Asset Packs/Pure Poly/Free Low Poly Nature Pack/Materials/PP_Ground.mat using Guid(2f984dd1b63fbc24abdd916834492e6e) Importer(815301076,1909f56bfc062723c751e8b465ee728b)  -> (artifact id: 'f68d053759afe36bb190592e53f7867c') in 0.280448 seconds 
========================================================================
Received Import Request.
  Time since last request: 0.000023 seconds.
  path: Assets/Asset Packs/Stylized Grass Texture/Materials/Stylize_Grass_diffuse.mat
  artifactKey: Guid(516e6f11e8de6624eb6be4bac8c14555) Importer(815301076,1909f56bfc062723c751e8b465ee728b)
Start importing Assets/Asset Packs/Stylized Grass Texture/Materials/Stylize_Grass_diffuse.mat using Guid(516e6f11e8de6624eb6be4bac8c14555) Importer(815301076,1909f56bfc062723c751e8b465ee728b)  -> (artifact id: '7731726f02deda6b15f64685b415f2fe') in 0.088596 seconds 
========================================================================
Received Import Request.
  Time since last request: 0.000032 seconds.
  path: Assets/Asset Packs/Free Stylized Skybox/Panoramic/Materials/Sky_Anime_15_Day_a.mat
  artifactKey: Guid(d04fa9ef91692c6429efccdf42970c46) Importer(815301076,1909f56bfc062723c751e8b465ee728b)
Start importing Assets/Asset Packs/Free Stylized Skybox/Panoramic/Materials/Sky_Anime_15_Day_a.mat using Guid(d04fa9ef91692c6429efccdf42970c46) Importer(815301076,1909f56bfc062723c751e8b465ee728b)  -> (artifact id: '2e24973079f02a54f4f94bc1c8a86df0') in 0.328107 seconds 
========================================================================
Received Import Request.
  Time since last request: 0.000034 seconds.
  path: Assets/Asset Packs/Free Stylized Skybox/CubeMap/Materials/Sky_LowPoly_02_Night_a.mat
  artifactKey: Guid(c1c961cbd00909b45b34d97fd7df5cbf) Importer(815301076,1909f56bfc062723c751e8b465ee728b)
Start importing Assets/Asset Packs/Free Stylized Skybox/CubeMap/Materials/Sky_LowPoly_02_Night_a.mat using Guid(c1c961cbd00909b45b34d97fd7df5cbf) Importer(815301076,1909f56bfc062723c751e8b465ee728b)  -> (artifact id: '1689449116d9fdf543b0a1dbb85c2c19') in 0.212025 seconds 
========================================================================
Received Import Request.
  Time since last request: 0.000038 seconds.
  path: Assets/Asset Packs/Free Stylized Skybox/CubeMap/Materials/Sky_Anime_15_Day_a.mat
  artifactKey: Guid(50bf15468c19e0e40b5bf26662770a34) Importer(815301076,1909f56bfc062723c751e8b465ee728b)
Start importing Assets/Asset Packs/Free Stylized Skybox/CubeMap/Materials/Sky_Anime_15_Day_a.mat using Guid(50bf15468c19e0e40b5bf26662770a34) Importer(815301076,1909f56bfc062723c751e8b465ee728b)  -> (artifact id: '406bd23c9b7fe22e185898aef9232338') in 0.123033 seconds 
========================================================================
Received Import Request.
  Time since last request: 0.000033 seconds.
  path: Assets/Materials/Water.mat
  artifactKey: Guid(d3f719de8a4a87742afacbb1424f878b) Importer(815301076,1909f56bfc062723c751e8b465ee728b)
Start importing Assets/Materials/Water.mat using Guid(d3f719de8a4a87742afacbb1424f878b) Importer(815301076,1909f56bfc062723c751e8b465ee728b)  -> (artifact id: 'b0ec85d1a5a9f8ccf0c0c0daeaa834b6') in 0.041133 seconds 
========================================================================
Received Import Request.
  Time since last request: 0.000040 seconds.
  path: Assets/Asset Packs/Free Stylized Skybox/Panoramic/Materials/Sky_Anime_11_morning_a.mat
  artifactKey: Guid(3f698c5d47507d54db2dcb930054532e) Importer(815301076,1909f56bfc062723c751e8b465ee728b)
Start importing Assets/Asset Packs/Free Stylized Skybox/Panoramic/Materials/Sky_Anime_11_morning_a.mat using Guid(3f698c5d47507d54db2dcb930054532e) Importer(815301076,1909f56bfc062723c751e8b465ee728b)  -> (artifact id: '02544665f7513198a72bf2888f6c23b5') in 0.280350 seconds 
========================================================================
Received Import Request.
  Time since last request: 0.000042 seconds.
  path: Assets/Asset Packs/Free Stylized Skybox/Panoramic/Materials/Sky_LowPoly_02_Night_a.mat
  artifactKey: Guid(aa87107d0c3535c4983a4edb2d0e9f7b) Importer(815301076,1909f56bfc062723c751e8b465ee728b)
Start importing Assets/Asset Packs/Free Stylized Skybox/Panoramic/Materials/Sky_LowPoly_02_Night_a.mat using Guid(aa87107d0c3535c4983a4edb2d0e9f7b) Importer(815301076,1909f56bfc062723c751e8b465ee728b)  -> (artifact id: '216d03ea1ee94bf1b26755ace0164ffa') in 0.177741 seconds 
========================================================================
Received Import Request.
  Time since last request: 0.000040 seconds.
  path: Assets/Asset Packs/Stylized Grass Texture/Materials/Stylize_Grass.mat
  artifactKey: Guid(5d8af8f434f69794eabd684fb44b4fbf) Importer(815301076,1909f56bfc062723c751e8b465ee728b)
Start importing Assets/Asset Packs/Stylized Grass Texture/Materials/Stylize_Grass.mat using Guid(5d8af8f434f69794eabd684fb44b4fbf) Importer(815301076,1909f56bfc062723c751e8b465ee728b)  -> (artifact id: 'f99ab80d59ca7791621ce60b71d5316a') in 0.098492 seconds 
========================================================================
Received Import Request.
  Time since last request: 0.000028 seconds.
  path: Assets/Asset Packs/Hand Painted Stone Texture/Material/Stone_normal.mat
  artifactKey: Guid(5f73475cf0cad364b9800b85c2a229fc) Importer(815301076,1909f56bfc062723c751e8b465ee728b)
Start importing Assets/Asset Packs/Hand Painted Stone Texture/Material/Stone_normal.mat using Guid(5f73475cf0cad364b9800b85c2a229fc) Importer(815301076,1909f56bfc062723c751e8b465ee728b)  -> (artifact id: '94eec02adb4f7dbd7df9f1232335125d') in 0.061845 seconds 
========================================================================
Received Prepare
Registering precompiled user dll's ...
Registered in 0.006724 seconds.
Begin MonoManager ReloadAssembly
Native extension for WindowsStandalone target not found
Refreshing native plugins compatible for Editor in 1.25 ms, found 2 plugins.
Preloading 0 native plugins for Editor in 0.00 ms.
Mono: successfully reloaded assembly
- Completed reload, in  1.270 seconds
Domain Reload Profiling:
	ReloadAssembly (1270ms)
		BeginReloadAssembly (140ms)
			ExecutionOrderSort (0ms)
			DisableScriptedObjects (8ms)
			BackupInstance (0ms)
			ReleaseScriptingObjects (0ms)
			CreateAndSetChildDomain (39ms)
		EndReloadAssembly (1041ms)
			LoadAssemblies (85ms)
			RebuildTransferFunctionScriptingTraits (0ms)
			SetupTypeCache (197ms)
			ReleaseScriptCaches (1ms)
			RebuildScriptCaches (55ms)
			SetupLoadedEditorAssemblies (624ms)
				LogAssemblyErrors (0ms)
				InitializePlatformSupportModulesInManaged (14ms)
				SetLoadedEditorAssemblies (1ms)
				RefreshPlugins (1ms)
				BeforeProcessingInitializeOnLoad (77ms)
				ProcessInitializeOnLoadAttributes (445ms)
				ProcessInitializeOnLoadMethodAttributes (77ms)
				AfterProcessingInitializeOnLoad (9ms)
				EditorAssembliesLoaded (0ms)
			ExecutionOrderSort2 (0ms)
			AwakeInstancesAfterBackupRestoration (20ms)
Platform modules already initialized, skipping
Refreshing native plugins compatible for Editor in 0.84 ms, found 2 plugins.
Preloading 0 native plugins for Editor in 0.00 ms.
Unloading 3517 Unused Serialized files (Serialized files now loaded: 0)
Unloading 70 unused Assets / (4.1 MB). Loaded Objects now: 4415.
Memory consumption went from 193.0 MB to 188.9 MB.
Total: 5.625800 ms (FindLiveObjects: 0.404700 ms CreateObjectMapping: 0.462400 ms MarkObjects: 3.212100 ms  DeleteObjects: 1.545300 ms)

AssetImportParameters requested are different than current active one (requested -> active):
  custom:video-decoder-ogg-theora: a1e56fd34408186e4bbccfd4996cb3dc -> 
  custom:container-muxer-webm: aa71ff27fc2769a1b78a27578f13a17b -> 
  custom:container-demuxer-webm: 4f35f7cbe854078d1ac9338744f61a02 -> 
  custom:video-encoder-webm-vp8: eb34c28f22e8b96e1ab97ce403110664 -> 
  custom:video-codec-MediaFoundation-h265: 746d11721c4dcdbdad8f713fa42b33f4 -> 
  custom:audio-encoder-webm-vorbis: bf7c407c2cedff20999df2af8eb42d56 -> 
  custom:framework-win-MediaFoundation: 216162199b28c13a410421893ffa2e32 -> 
  custom:container-demuxer-ogg: 62fdf1f143b41e24485cea50d1cbac27 -> 
  custom:video-decoder-webm-vp8: 9c59270c3fd7afecdb556c50c9e8de78 -> 
  custom:audio-decoder-ogg-vorbis: bf7c407c2cedff20999df2af8eb42d56 -> 
========================================================================
Received Import Request.
  Time since last request: 343.324997 seconds.
  path: Assets/KimStuff/Context II/Trees/Textures/Basic Tree/Basic Tree_Roughness.png
  artifactKey: Guid(1a091ede637a3d443b4f7703a0c69410) Importer(815301076,1909f56bfc062723c751e8b465ee728b)
Start importing Assets/KimStuff/Context II/Trees/Textures/Basic Tree/Basic Tree_Roughness.png using Guid(1a091ede637a3d443b4f7703a0c69410) Importer(815301076,1909f56bfc062723c751e8b465ee728b)  -> (artifact id: 'aa15887ffbcd7aa76269481dfe1d6bdd') in 0.101565 seconds 
========================================================================
Received Import Request.
  Time since last request: 0.000018 seconds.
  path: Assets/KimStuff/Context II/Trees/Textures/Basic Tree/Basic Tree_Height.png
  artifactKey: Guid(379da1535c4019147aff9152b2105979) Importer(815301076,1909f56bfc062723c751e8b465ee728b)
Start importing Assets/KimStuff/Context II/Trees/Textures/Basic Tree/Basic Tree_Height.png using Guid(379da1535c4019147aff9152b2105979) Importer(815301076,1909f56bfc062723c751e8b465ee728b)  -> (artifact id: '49c7168ab9bae50c3529bc416f236ac3') in 0.037620 seconds 
========================================================================
Received Import Request.
  Time since last request: 432.180567 seconds.
  path: Assets/KimStuff/Context II/Trees/Textures/Basic Tree/Basic Tree_Base_Color.png
  artifactKey: Guid(7389836bcb9cb144aaa655e09fbc341d) Importer(815301076,1909f56bfc062723c751e8b465ee728b)
Start importing Assets/KimStuff/Context II/Trees/Textures/Basic Tree/Basic Tree_Base_Color.png using Guid(7389836bcb9cb144aaa655e09fbc341d) Importer(815301076,1909f56bfc062723c751e8b465ee728b)  -> (artifact id: '693bf7247610538b1a1c63b9d79e891e') in 0.038945 seconds 
========================================================================
Received Import Request.
  Time since last request: 0.094775 seconds.
  path: Assets/KimStuff/Context II/Trees/Textures/Basic Tree/Basic Tree_Normal_OpenGL.png
  artifactKey: Guid(557b02fff57aa4649b4d29a1dee9b047) Importer(815301076,1909f56bfc062723c751e8b465ee728b)
Start importing Assets/KimStuff/Context II/Trees/Textures/Basic Tree/Basic Tree_Normal_OpenGL.png using Guid(557b02fff57aa4649b4d29a1dee9b047) Importer(815301076,1909f56bfc062723c751e8b465ee728b)  -> (artifact id: 'ff74768ab40ab4e1fcefe74d48fc5f85') in 0.039122 seconds 
========================================================================
Received Import Request.
  Time since last request: 0.000018 seconds.
  path: Assets/Asset Packs/Grass And Flowers Pack 1/Flower/Flower 9.png
  artifactKey: Guid(e88b3a1ea26570a46a88da80783d7e3f) Importer(815301076,1909f56bfc062723c751e8b465ee728b)
Start importing Assets/Asset Packs/Grass And Flowers Pack 1/Flower/Flower 9.png using Guid(e88b3a1ea26570a46a88da80783d7e3f) Importer(815301076,1909f56bfc062723c751e8b465ee728b)  -> (artifact id: 'f824478effd3c1028c758937b24a612c') in 0.039109 seconds 
========================================================================
Received Import Request.
  Time since last request: 0.000020 seconds.
  path: Assets/Asset Packs/Grass And Flowers Pack 1/Flower/Flower 1.png
  artifactKey: Guid(ca1b8b30820fdf14c81f582b27bdf19b) Importer(815301076,1909f56bfc062723c751e8b465ee728b)
Start importing Assets/Asset Packs/Grass And Flowers Pack 1/Flower/Flower 1.png using Guid(ca1b8b30820fdf14c81f582b27bdf19b) Importer(815301076,1909f56bfc062723c751e8b465ee728b)  -> (artifact id: 'd17007b7eb53c67e79ee714db9e0e438') in 0.036089 seconds 
========================================================================
Received Import Request.
  Time since last request: 0.000021 seconds.
  path: Assets/KimStuff/Context II/Trees/Textures/Bush/Bush_Mixed_AO.png
  artifactKey: Guid(c9070699ca7fc7e42b439ca1b2c1189c) Importer(815301076,1909f56bfc062723c751e8b465ee728b)
Start importing Assets/KimStuff/Context II/Trees/Textures/Bush/Bush_Mixed_AO.png using Guid(c9070699ca7fc7e42b439ca1b2c1189c) Importer(815301076,1909f56bfc062723c751e8b465ee728b)  -> (artifact id: '5a8273c00cc394be371e4e6332b80d95') in 0.047890 seconds 
========================================================================
Received Import Request.
  Time since last request: 0.000021 seconds.
  path: Assets/KimStuff/Context II/Textures/BentTree2_Mat_Base_Color.png
  artifactKey: Guid(2a04d61623ccef745ac9715574264981) Importer(815301076,1909f56bfc062723c751e8b465ee728b)
Start importing Assets/KimStuff/Context II/Textures/BentTree2_Mat_Base_Color.png using Guid(2a04d61623ccef745ac9715574264981) Importer(815301076,1909f56bfc062723c751e8b465ee728b)  -> (artifact id: '3510ff551d3e8defc0e3b946fa653bad') in 0.036294 seconds 
========================================================================
Received Import Request.
  Time since last request: 0.000017 seconds.
  path: Assets/Asset Packs/Grass And Flowers Pack 1/Flower/Flower 3.png
  artifactKey: Guid(6bce9d589cdb7b04c9f5a6ee81f8f1b3) Importer(815301076,1909f56bfc062723c751e8b465ee728b)
Start importing Assets/Asset Packs/Grass And Flowers Pack 1/Flower/Flower 3.png using Guid(6bce9d589cdb7b04c9f5a6ee81f8f1b3) Importer(815301076,1909f56bfc062723c751e8b465ee728b)  -> (artifact id: '39bfbb8f7fb72e6942423bd99f53d1cc') in 0.036771 seconds 
========================================================================
Received Import Request.
  Time since last request: 0.000016 seconds.
  path: Assets/KimStuff/Context II/Trees/Textures/Bush/Bush_Base_Color.png
  artifactKey: Guid(52df0cf17283e7346aeaf78cd20494ad) Importer(815301076,1909f56bfc062723c751e8b465ee728b)
Start importing Assets/KimStuff/Context II/Trees/Textures/Bush/Bush_Base_Color.png using Guid(52df0cf17283e7346aeaf78cd20494ad) Importer(815301076,1909f56bfc062723c751e8b465ee728b)  -> (artifact id: '98f476631492ba8ceed66aa101069e5e') in 0.036607 seconds 
========================================================================
Received Import Request.
  Time since last request: 0.000016 seconds.
  path: Assets/KimStuff/Context II/Textures/BentTree3_Mat_Base_Color.png
  artifactKey: Guid(15eaa22a75430804c8fe9c423ae89434) Importer(815301076,1909f56bfc062723c751e8b465ee728b)
Start importing Assets/KimStuff/Context II/Textures/BentTree3_Mat_Base_Color.png using Guid(15eaa22a75430804c8fe9c423ae89434) Importer(815301076,1909f56bfc062723c751e8b465ee728b)  -> (artifact id: '4b643352f4197d8394e1cd671f26e2f7') in 0.038910 seconds 
========================================================================
Received Import Request.
  Time since last request: 0.000017 seconds.
  path: Assets/Asset Packs/Grass And Flowers Pack 1/Bush/Bush 8.png
  artifactKey: Guid(5fd606df687c15340965bd70b73e6f3d) Importer(815301076,1909f56bfc062723c751e8b465ee728b)
Start importing Assets/Asset Packs/Grass And Flowers Pack 1/Bush/Bush 8.png using Guid(5fd606df687c15340965bd70b73e6f3d) Importer(815301076,1909f56bfc062723c751e8b465ee728b)  -> (artifact id: '3784461433ab2bba3b858bbd3fa65cbc') in 0.039145 seconds 
========================================================================
Received Import Request.
  Time since last request: 0.000017 seconds.
  path: Assets/TextMesh Pro/Sprites/EmojiOne.png
  artifactKey: Guid(dffef66376be4fa480fb02b19edbe903) Importer(815301076,1909f56bfc062723c751e8b465ee728b)
Start importing Assets/TextMesh Pro/Sprites/EmojiOne.png using Guid(dffef66376be4fa480fb02b19edbe903) Importer(815301076,1909f56bfc062723c751e8b465ee728b)  -> (artifact id: '3bc6fc00ae16fb79219cedbef815b188') in 0.042560 seconds 
========================================================================
Received Import Request.
  Time since last request: 0.000032 seconds.
  path: Assets/Asset Packs/Grass And Flowers Pack 1/Bush/Bush 1.png
  artifactKey: Guid(021e2ef4de3b13e4b85e10d230b9a52c) Importer(815301076,1909f56bfc062723c751e8b465ee728b)
Start importing Assets/Asset Packs/Grass And Flowers Pack 1/Bush/Bush 1.png using Guid(021e2ef4de3b13e4b85e10d230b9a52c) Importer(815301076,1909f56bfc062723c751e8b465ee728b)  -> (artifact id: '85eeb627e09f034433c6f6f77fe687aa') in 0.038602 seconds 
========================================================================
Received Import Request.
  Time since last request: 0.000036 seconds.
  path: Assets/Asset Packs/Grass And Flowers Pack 1/Bush/Bush 6.png
  artifactKey: Guid(9441c1d70a7b1ad45adbf887f14ec1e9) Importer(815301076,1909f56bfc062723c751e8b465ee728b)
Start importing Assets/Asset Packs/Grass And Flowers Pack 1/Bush/Bush 6.png using Guid(9441c1d70a7b1ad45adbf887f14ec1e9) Importer(815301076,1909f56bfc062723c751e8b465ee728b)  -> (artifact id: '6f656265e88efcb93073e81f25565900') in 0.041380 seconds 
========================================================================
Received Import Request.
  Time since last request: 0.000017 seconds.
  path: Assets/Asset Packs/Grass And Flowers Pack 1/Flower/Flower 5.png
  artifactKey: Guid(922f990a2fc104c46808052d2857484f) Importer(815301076,1909f56bfc062723c751e8b465ee728b)
Start importing Assets/Asset Packs/Grass And Flowers Pack 1/Flower/Flower 5.png using Guid(922f990a2fc104c46808052d2857484f) Importer(815301076,1909f56bfc062723c751e8b465ee728b)  -> (artifact id: '0187512732ae931dccd46a84ec07ca08') in 0.040033 seconds 
========================================================================
Received Import Request.
  Time since last request: 0.000025 seconds.
  path: Assets/KimStuff/Context II/Trees/Textures/Basic Tree/Basic Tree_Normal.png
  artifactKey: Guid(b3d44bb32032ae749a8ca8424003c464) Importer(815301076,1909f56bfc062723c751e8b465ee728b)
Start importing Assets/KimStuff/Context II/Trees/Textures/Basic Tree/Basic Tree_Normal.png using Guid(b3d44bb32032ae749a8ca8424003c464) Importer(815301076,1909f56bfc062723c751e8b465ee728b)  -> (artifact id: 'ef9f1a066d5a8d825d61fbd944f809fe') in 0.040237 seconds 
========================================================================
Received Import Request.
  Time since last request: 0.000016 seconds.
  path: Assets/Asset Packs/Grass And Flowers Pack 1/Flower/Flower 4.png
  artifactKey: Guid(ad92efd57360446408eb98ca805556d3) Importer(815301076,1909f56bfc062723c751e8b465ee728b)
Start importing Assets/Asset Packs/Grass And Flowers Pack 1/Flower/Flower 4.png using Guid(ad92efd57360446408eb98ca805556d3) Importer(815301076,1909f56bfc062723c751e8b465ee728b)  -> (artifact id: '5d63d4ae08737366182e20af53a42f4b') in 0.034160 seconds 
========================================================================
Received Import Request.
  Time since last request: 0.000022 seconds.
  path: Assets/KimStuff/Context II/Trees/Textures/Bush/Bush_Normal_OpenGL.png
  artifactKey: Guid(33f05422611c1d44d96c8055d98dabb8) Importer(815301076,1909f56bfc062723c751e8b465ee728b)
Start importing Assets/KimStuff/Context II/Trees/Textures/Bush/Bush_Normal_OpenGL.png using Guid(33f05422611c1d44d96c8055d98dabb8) Importer(815301076,1909f56bfc062723c751e8b465ee728b)  -> (artifact id: 'badc48e0d16b9bb83d342bb450123e07') in 0.037080 seconds 
========================================================================
Received Import Request.
  Time since last request: 0.000026 seconds.
  path: Assets/KimStuff/Context II/Trees/Textures/Bush/Bush_Roughness.png
  artifactKey: Guid(1a0de6d21a2ef4e4490fcd2a0a975447) Importer(815301076,1909f56bfc062723c751e8b465ee728b)
Start importing Assets/KimStuff/Context II/Trees/Textures/Bush/Bush_Roughness.png using Guid(1a0de6d21a2ef4e4490fcd2a0a975447) Importer(815301076,1909f56bfc062723c751e8b465ee728b)  -> (artifact id: 'ecf9800dc23dbd44153565979fa94695') in 0.047905 seconds 
========================================================================
Received Import Request.
  Time since last request: 0.000024 seconds.
  path: Assets/Asset Packs/Grass And Flowers Pack 1/Bush/Bush 7.png
  artifactKey: Guid(58b6100b4b1965642a0130a34bdcd1c2) Importer(815301076,1909f56bfc062723c751e8b465ee728b)
Start importing Assets/Asset Packs/Grass And Flowers Pack 1/Bush/Bush 7.png using Guid(58b6100b4b1965642a0130a34bdcd1c2) Importer(815301076,1909f56bfc062723c751e8b465ee728b)  -> (artifact id: '437ab2ccb3be42d35ea1aa2350135c4d') in 0.035097 seconds 
========================================================================
Received Import Request.
  Time since last request: 0.807551 seconds.
  path: Assets/Asset Packs/Grass And Flowers Pack 1/Flower/Flower 10.png
  artifactKey: Guid(dde6e275af2ebe94ca8df679dc22b927) Importer(815301076,1909f56bfc062723c751e8b465ee728b)
Start importing Assets/Asset Packs/Grass And Flowers Pack 1/Flower/Flower 10.png using Guid(dde6e275af2ebe94ca8df679dc22b927) Importer(815301076,1909f56bfc062723c751e8b465ee728b)  -> (artifact id: '0a3b6f30174c2ce6b72813d42a4705a7') in 0.036326 seconds 
========================================================================
Received Import Request.
  Time since last request: 0.000019 seconds.
  path: Assets/Asset Packs/Grass And Flowers Pack 1/Flower/Flower 18.png
  artifactKey: Guid(2b4795ec84b4b624b8058045b2a0d6e7) Importer(815301076,1909f56bfc062723c751e8b465ee728b)
Start importing Assets/Asset Packs/Grass And Flowers Pack 1/Flower/Flower 18.png using Guid(2b4795ec84b4b624b8058045b2a0d6e7) Importer(815301076,1909f56bfc062723c751e8b465ee728b)  -> (artifact id: 'ac86d05e04dc5fd521dc2de81b5ee3c3') in 0.042039 seconds 
========================================================================
Received Import Request.
  Time since last request: 0.000024 seconds.
  path: Assets/Asset Packs/Grass And Flowers Pack 1/Flower/Flower 15.png
  artifactKey: Guid(9aec2d44e96e07f4d94104087a886541) Importer(815301076,1909f56bfc062723c751e8b465ee728b)
Start importing Assets/Asset Packs/Grass And Flowers Pack 1/Flower/Flower 15.png using Guid(9aec2d44e96e07f4d94104087a886541) Importer(815301076,1909f56bfc062723c751e8b465ee728b)  -> (artifact id: 'a12b759b8b6e8b408f2e540d46c75e2e') in 0.045386 seconds 
========================================================================
Received Import Request.
  Time since last request: 0.000019 seconds.
  path: Assets/Asset Packs/Grass And Flowers Pack 1/Flower/Flower 19.png
  artifactKey: Guid(5d905082679ef4b42b58a7f188275a9f) Importer(815301076,1909f56bfc062723c751e8b465ee728b)
Start importing Assets/Asset Packs/Grass And Flowers Pack 1/Flower/Flower 19.png using Guid(5d905082679ef4b42b58a7f188275a9f) Importer(815301076,1909f56bfc062723c751e8b465ee728b)  -> (artifact id: 'e2ec19257a0821a4c209652b25939674') in 0.065740 seconds 
========================================================================
Received Import Request.
  Time since last request: 0.000035 seconds.
  path: Assets/Asset Packs/Grass And Flowers Pack 1/Flower/Flower 23.png
  artifactKey: Guid(a649788266163034aa4b99623cae3fe8) Importer(815301076,1909f56bfc062723c751e8b465ee728b)
Start importing Assets/Asset Packs/Grass And Flowers Pack 1/Flower/Flower 23.png using Guid(a649788266163034aa4b99623cae3fe8) Importer(815301076,1909f56bfc062723c751e8b465ee728b)  -> (artifact id: 'cce0a5052a4cd6fdc42d3787f4d77ab8') in 0.035780 seconds 
========================================================================
Received Import Request.
  Time since last request: 0.000016 seconds.
  path: Assets/Asset Packs/Grass And Flowers Pack 1/Flower/Flower 29.png
  artifactKey: Guid(bf95547c7aedd464fad405b4946b17df) Importer(815301076,1909f56bfc062723c751e8b465ee728b)
Start importing Assets/Asset Packs/Grass And Flowers Pack 1/Flower/Flower 29.png using Guid(bf95547c7aedd464fad405b4946b17df) Importer(815301076,1909f56bfc062723c751e8b465ee728b)  -> (artifact id: '6ff789675ea481a3d4e48360849d13ce') in 0.034896 seconds 
========================================================================
Received Import Request.
  Time since last request: 0.000021 seconds.
  path: Assets/Asset Packs/Grass And Flowers Pack 1/Flower/Flower 27.png
  artifactKey: Guid(f4fb557129691084cb3e99cf4dbfb1ef) Importer(815301076,1909f56bfc062723c751e8b465ee728b)
Start importing Assets/Asset Packs/Grass And Flowers Pack 1/Flower/Flower 27.png using Guid(f4fb557129691084cb3e99cf4dbfb1ef) Importer(815301076,1909f56bfc062723c751e8b465ee728b)  -> (artifact id: 'c5312aa27e9c956e86294687f41efe65') in 0.036259 seconds 
========================================================================
Received Import Request.
  Time since last request: 0.000015 seconds.
  path: Assets/Asset Packs/Grass And Flowers Pack 1/Flower/Flower 24.png
  artifactKey: Guid(14fa9fdbde9323e44b97ba8f6aff0555) Importer(815301076,1909f56bfc062723c751e8b465ee728b)
Start importing Assets/Asset Packs/Grass And Flowers Pack 1/Flower/Flower 24.png using Guid(14fa9fdbde9323e44b97ba8f6aff0555) Importer(815301076,1909f56bfc062723c751e8b465ee728b)  -> (artifact id: '7fb83caf4e23c4157f394eff0773c3a5') in 0.034212 seconds 
========================================================================
Received Import Request.
  Time since last request: 0.000027 seconds.
  path: Assets/Asset Packs/Grass And Flowers Pack 1/Flower/Flower 16.png
  artifactKey: Guid(6d1b799698b4a13428f342e85a6eafa9) Importer(815301076,1909f56bfc062723c751e8b465ee728b)
Start importing Assets/Asset Packs/Grass And Flowers Pack 1/Flower/Flower 16.png using Guid(6d1b799698b4a13428f342e85a6eafa9) Importer(815301076,1909f56bfc062723c751e8b465ee728b)  -> (artifact id: '0336036e89ece88770c64d15ca518bd7') in 0.038271 seconds 
========================================================================
Received Import Request.
  Time since last request: 0.000019 seconds.
  path: Assets/Asset Packs/Grass And Flowers Pack 1/Flower/Flower 22.png
  artifactKey: Guid(cf239d877af81b843b958f6c5f758f41) Importer(815301076,1909f56bfc062723c751e8b465ee728b)
Start importing Assets/Asset Packs/Grass And Flowers Pack 1/Flower/Flower 22.png using Guid(cf239d877af81b843b958f6c5f758f41) Importer(815301076,1909f56bfc062723c751e8b465ee728b)  -> (artifact id: '52d08dd27f30ae3ca3e1214683072fc7') in 0.038409 seconds 
========================================================================
Received Import Request.
  Time since last request: 0.399829 seconds.
  path: Assets/Asset Packs/Grass And Flowers Pack 1/Flower/Flower 30.png
  artifactKey: Guid(a01fc5cc3c7b674439a768a250c4c417) Importer(815301076,1909f56bfc062723c751e8b465ee728b)
Start importing Assets/Asset Packs/Grass And Flowers Pack 1/Flower/Flower 30.png using Guid(a01fc5cc3c7b674439a768a250c4c417) Importer(815301076,1909f56bfc062723c751e8b465ee728b)  -> (artifact id: 'f62dbffab18796afd446c06b75c18a62') in 0.041786 seconds 
========================================================================
Received Import Request.
  Time since last request: 0.000022 seconds.
  path: Assets/Asset Packs/Grass And Flowers Pack 1/Flower/Flower 32.png
  artifactKey: Guid(a17dcd9f0900595499beb92ae06e433f) Importer(815301076,1909f56bfc062723c751e8b465ee728b)
Start importing Assets/Asset Packs/Grass And Flowers Pack 1/Flower/Flower 32.png using Guid(a17dcd9f0900595499beb92ae06e433f) Importer(815301076,1909f56bfc062723c751e8b465ee728b)  -> (artifact id: '2a912b89365d5918335cf0431df2c572') in 0.039252 seconds 
========================================================================
Received Import Request.
  Time since last request: 0.000030 seconds.
  path: Assets/Asset Packs/Grass And Flowers Pack 1/Flower/Flower 33.png
  artifactKey: Guid(de869416b57c19141b8de6d7fde89e74) Importer(815301076,1909f56bfc062723c751e8b465ee728b)
Start importing Assets/Asset Packs/Grass And Flowers Pack 1/Flower/Flower 33.png using Guid(de869416b57c19141b8de6d7fde89e74) Importer(815301076,1909f56bfc062723c751e8b465ee728b)  -> (artifact id: 'd59945a2df0f905f100a9d0b6cfc041c') in 0.040092 seconds 
========================================================================
Received Import Request.
  Time since last request: 0.397675 seconds.
  path: Assets/Asset Packs/Supercyan Free Forest Sample/Textures/Foliage/forestpack_foliage_diffuse.png
  artifactKey: Guid(1056b8bf593938a4399e74aa632e2a21) Importer(815301076,1909f56bfc062723c751e8b465ee728b)
Start importing Assets/Asset Packs/Supercyan Free Forest Sample/Textures/Foliage/forestpack_foliage_diffuse.png using Guid(1056b8bf593938a4399e74aa632e2a21) Importer(815301076,1909f56bfc062723c751e8b465ee728b)  -> (artifact id: '3a1b8b20ebe617dc2792faa85a1eed8d') in 0.049572 seconds 
========================================================================
Received Import Request.
  Time since last request: 0.000024 seconds.
  path: Assets/Asset Packs/Supercyan Free Forest Sample/Textures/Ground/forestpack_road_tile_diffuse.png
  artifactKey: Guid(c3c4673abc7f1ac4e981951aabacc969) Importer(815301076,1909f56bfc062723c751e8b465ee728b)
Start importing Assets/Asset Packs/Supercyan Free Forest Sample/Textures/Ground/forestpack_road_tile_diffuse.png using Guid(c3c4673abc7f1ac4e981951aabacc969) Importer(815301076,1909f56bfc062723c751e8b465ee728b)  -> (artifact id: 'c739cf66e2f52b15265e7d8d35e3ed38') in 0.044369 seconds 
========================================================================
Received Import Request.
  Time since last request: 0.000029 seconds.
  path: Assets/Asset Packs/Grass And Flowers Pack 1/Flower/Grass Flower 1.png
  artifactKey: Guid(c3d45a835b8b6664085f0dc3cc6b1b41) Importer(815301076,1909f56bfc062723c751e8b465ee728b)
Start importing Assets/Asset Packs/Grass And Flowers Pack 1/Flower/Grass Flower 1.png using Guid(c3d45a835b8b6664085f0dc3cc6b1b41) Importer(815301076,1909f56bfc062723c751e8b465ee728b)  -> (artifact id: 'b9236847e83ac04dec2301468f802f32') in 0.038606 seconds 
========================================================================
Received Import Request.
  Time since last request: 0.000046 seconds.
  path: Assets/Asset Packs/Grass And Flowers Pack 1/Flower/Grass Flower 5.png
  artifactKey: Guid(b3df4cb2f0dbbb842889155de38652a6) Importer(815301076,1909f56bfc062723c751e8b465ee728b)
Start importing Assets/Asset Packs/Grass And Flowers Pack 1/Flower/Grass Flower 5.png using Guid(b3df4cb2f0dbbb842889155de38652a6) Importer(815301076,1909f56bfc062723c751e8b465ee728b)  -> (artifact id: '949c791ef1b90b379c6f67a8e32bd677') in 0.039463 seconds 
========================================================================
Received Import Request.
  Time since last request: 0.000031 seconds.
  path: Assets/Asset Packs/Grass And Flowers Pack 1/Flower/Grass Flower 6.png
  artifactKey: Guid(7aa03bbf1145d80438111302e0139094) Importer(815301076,1909f56bfc062723c751e8b465ee728b)
Start importing Assets/Asset Packs/Grass And Flowers Pack 1/Flower/Grass Flower 6.png using Guid(7aa03bbf1145d80438111302e0139094) Importer(815301076,1909f56bfc062723c751e8b465ee728b)  -> (artifact id: '2d8823943da24d8388c59d598087c7ee') in 0.042315 seconds 
========================================================================
Received Import Request.
  Time since last request: 0.000030 seconds.
  path: Assets/Asset Packs/Grass And Flowers Pack 1/Flower/Grass Flower 7.png
  artifactKey: Guid(d0893b7d3bcbf8c4f806e5543cec2a32) Importer(815301076,1909f56bfc062723c751e8b465ee728b)
Start importing Assets/Asset Packs/Grass And Flowers Pack 1/Flower/Grass Flower 7.png using Guid(d0893b7d3bcbf8c4f806e5543cec2a32) Importer(815301076,1909f56bfc062723c751e8b465ee728b)  -> (artifact id: 'f7c4f606590de9bff333349b740a7e87') in 0.043585 seconds 
========================================================================
Received Import Request.
  Time since last request: 0.000019 seconds.
  path: Assets/Asset Packs/Grass And Flowers Pack 1/Flower/Grass Flower 10.png
  artifactKey: Guid(5203e8b5746c6444289ad019bde56711) Importer(815301076,1909f56bfc062723c751e8b465ee728b)
Start importing Assets/Asset Packs/Grass And Flowers Pack 1/Flower/Grass Flower 10.png using Guid(5203e8b5746c6444289ad019bde56711) Importer(815301076,1909f56bfc062723c751e8b465ee728b)  -> (artifact id: 'b19977478448580d2c297b98b8f7ecdb') in 0.034181 seconds 
========================================================================
Received Import Request.
  Time since last request: 0.000022 seconds.
  path: Assets/Asset Packs/Supercyan Free Forest Sample/Textures/SignAndBridge/forestpack_roadSignAndBridge_diffuse.png
  artifactKey: Guid(d1de526d00e4052458506ce20689b585) Importer(815301076,1909f56bfc062723c751e8b465ee728b)
Start importing Assets/Asset Packs/Supercyan Free Forest Sample/Textures/SignAndBridge/forestpack_roadSignAndBridge_diffuse.png using Guid(d1de526d00e4052458506ce20689b585) Importer(815301076,1909f56bfc062723c751e8b465ee728b)  -> (artifact id: '9ee6853661ebd57207f5cf048cf9db69') in 0.035269 seconds 
========================================================================
Received Import Request.
  Time since last request: 0.000020 seconds.
  path: Assets/Asset Packs/Grass And Flowers Pack 1/Grass/Grass 1.png
  artifactKey: Guid(b6559fab08767a844869a6c1d9f49f1e) Importer(815301076,1909f56bfc062723c751e8b465ee728b)
Start importing Assets/Asset Packs/Grass And Flowers Pack 1/Grass/Grass 1.png using Guid(b6559fab08767a844869a6c1d9f49f1e) Importer(815301076,1909f56bfc062723c751e8b465ee728b)  -> (artifact id: '901840938ef7acebd650621144d19e88') in 0.044519 seconds 
========================================================================
Received Import Request.
  Time since last request: 0.000018 seconds.
  path: Assets/Asset Packs/Supercyan Free Forest Sample/Textures/Ground/forestpack_texture_rock_tile_diffuse.png
  artifactKey: Guid(663e42f73ce2d4c4da1a7bd245ba91a2) Importer(815301076,1909f56bfc062723c751e8b465ee728b)
Start importing Assets/Asset Packs/Supercyan Free Forest Sample/Textures/Ground/forestpack_texture_rock_tile_diffuse.png using Guid(663e42f73ce2d4c4da1a7bd245ba91a2) Importer(815301076,1909f56bfc062723c751e8b465ee728b)  -> (artifact id: '7424bdb7e51be65a892ca32482e64ef5') in 0.037679 seconds 
========================================================================
Received Import Request.
  Time since last request: 0.000022 seconds.
  path: Assets/Asset Packs/Grass And Flowers Pack 1/Flower/Grass Flower 8.png
  artifactKey: Guid(b263d81465ccfd74980f9c72e4a4e794) Importer(815301076,1909f56bfc062723c751e8b465ee728b)
Start importing Assets/Asset Packs/Grass And Flowers Pack 1/Flower/Grass Flower 8.png using Guid(b263d81465ccfd74980f9c72e4a4e794) Importer(815301076,1909f56bfc062723c751e8b465ee728b)  -> (artifact id: 'd0856d432c1648c75c5e13f524cfa76e') in 0.033060 seconds 
========================================================================
Received Import Request.
  Time since last request: 0.000020 seconds.
  path: Assets/Asset Packs/Supercyan Free Forest Sample/Textures/Tree/Fir/forestpack_tree_fir_diffuse.png
  artifactKey: Guid(bf82169728589cb40ab39408bc144c8f) Importer(815301076,1909f56bfc062723c751e8b465ee728b)
Start importing Assets/Asset Packs/Supercyan Free Forest Sample/Textures/Tree/Fir/forestpack_tree_fir_diffuse.png using Guid(bf82169728589cb40ab39408bc144c8f) Importer(815301076,1909f56bfc062723c751e8b465ee728b)  -> (artifact id: 'a2149a38be00b1482d632eab651e3307') in 0.041607 seconds 
========================================================================
Received Import Request.
  Time since last request: 0.249644 seconds.
  path: Assets/Asset Packs/Grass And Flowers Pack 1/Ground Textures/Groundplants 1_N.jpg
  artifactKey: Guid(bba8172718050c446a0a4c28a797fdc7) Importer(815301076,1909f56bfc062723c751e8b465ee728b)
Start importing Assets/Asset Packs/Grass And Flowers Pack 1/Ground Textures/Groundplants 1_N.jpg using Guid(bba8172718050c446a0a4c28a797fdc7) Importer(815301076,1909f56bfc062723c751e8b465ee728b)  -> (artifact id: '9c9eb25a483d78bad676fb19eab00b6e') in 0.046745 seconds 
========================================================================
Received Import Request.
  Time since last request: 0.000019 seconds.
  path: Assets/KimStuff/Context II/Textures/House_Mat_Base_Color.png
  artifactKey: Guid(40c11bab87335aa4f8aeb662e351a37f) Importer(815301076,1909f56bfc062723c751e8b465ee728b)
Start importing Assets/KimStuff/Context II/Textures/House_Mat_Base_Color.png using Guid(40c11bab87335aa4f8aeb662e351a37f) Importer(815301076,1909f56bfc062723c751e8b465ee728b)  -> (artifact id: '6e92f1805eb084525ea2c434fc76f7dc') in 0.050206 seconds 
========================================================================
Received Import Request.
  Time since last request: 0.000021 seconds.
  path: Assets/KimStuff/Context II/Trees/Textures/Leafy Tree/Leafy Tree_Base_Color.png
  artifactKey: Guid(281e59c27df3f5a43b8d981a245fa258) Importer(815301076,1909f56bfc062723c751e8b465ee728b)
Start importing Assets/KimStuff/Context II/Trees/Textures/Leafy Tree/Leafy Tree_Base_Color.png using Guid(281e59c27df3f5a43b8d981a245fa258) Importer(815301076,1909f56bfc062723c751e8b465ee728b)  -> (artifact id: '03bebf4042a89e8816e2c6cf4b141262') in 0.043663 seconds 
========================================================================
Received Import Request.
  Time since last request: 0.000030 seconds.
  path: Assets/KimStuff/Context II/Textures/KISSING_Mat_Base_Color.png
  artifactKey: Guid(5fbb78ea2c364034f8042f0e3401db1c) Importer(815301076,1909f56bfc062723c751e8b465ee728b)
Start importing Assets/KimStuff/Context II/Textures/KISSING_Mat_Base_Color.png using Guid(5fbb78ea2c364034f8042f0e3401db1c) Importer(815301076,1909f56bfc062723c751e8b465ee728b)  -> (artifact id: 'de3e6fad4a8e2a621dacbe560116b9ad') in 0.040695 seconds 
========================================================================
Received Import Request.
  Time since last request: 0.000020 seconds.
  path: Assets/KimStuff/Context II/Trees/Textures/Leafy Tree/Leafy Tree_Base_Color_Alt.png
  artifactKey: Guid(f8871ba3f024c4c46aa05720c47ea20d) Importer(815301076,1909f56bfc062723c751e8b465ee728b)
Start importing Assets/KimStuff/Context II/Trees/Textures/Leafy Tree/Leafy Tree_Base_Color_Alt.png using Guid(f8871ba3f024c4c46aa05720c47ea20d) Importer(815301076,1909f56bfc062723c751e8b465ee728b)  -> (artifact id: 'cb8beb7f9eaaaba74c63e626aeddf21a') in 0.048206 seconds 
========================================================================
Received Import Request.
  Time since last request: 0.376316 seconds.
  path: Assets/KimStuff/Context II/Trees/Textures/Leafy Tree/Leafy Tree_Roughness.png
  artifactKey: Guid(31ea30b90b6d91843b9f00fae2221d51) Importer(815301076,1909f56bfc062723c751e8b465ee728b)
Start importing Assets/KimStuff/Context II/Trees/Textures/Leafy Tree/Leafy Tree_Roughness.png using Guid(31ea30b90b6d91843b9f00fae2221d51) Importer(815301076,1909f56bfc062723c751e8b465ee728b)  -> (artifact id: '1dce629b1e9d0635c4ba07e17568c408') in 0.039451 seconds 
========================================================================
Received Import Request.
  Time since last request: 0.000015 seconds.
  path: Assets/KimStuff/Context II/Trees/Textures/Pine Tree/Pine Tree_Height.png
  artifactKey: Guid(51e789025ea77194ca1b89a2301ae906) Importer(815301076,1909f56bfc062723c751e8b465ee728b)
Start importing Assets/KimStuff/Context II/Trees/Textures/Pine Tree/Pine Tree_Height.png using Guid(51e789025ea77194ca1b89a2301ae906) Importer(815301076,1909f56bfc062723c751e8b465ee728b)  -> (artifact id: '2ef3e0f2a4879a7744a470a7be518dee') in 0.046718 seconds 
========================================================================
Received Import Request.
  Time since last request: 0.000016 seconds.
  path: Assets/Asset Packs/Supercyan Free Forest Sample/Textures/Skybox/ny.png
  artifactKey: Guid(8243bd7a07b5d0a4fa6ee10d95e5a578) Importer(815301076,1909f56bfc062723c751e8b465ee728b)
Start importing Assets/Asset Packs/Supercyan Free Forest Sample/Textures/Skybox/ny.png using Guid(8243bd7a07b5d0a4fa6ee10d95e5a578) Importer(815301076,1909f56bfc062723c751e8b465ee728b)  -> (artifact id: '2ccf3199d96b757f8266bf0d53ce58d3') in 0.042321 seconds 
========================================================================
Received Import Request.
  Time since last request: 0.637885 seconds.
  path: Assets/KimStuff/Context II/Trees/Textures/Pine Tree/Pine Tree_Normal.png
  artifactKey: Guid(1cc4a092f7c69134793c116125e744e7) Importer(815301076,1909f56bfc062723c751e8b465ee728b)
Start importing Assets/KimStuff/Context II/Trees/Textures/Pine Tree/Pine Tree_Normal.png using Guid(1cc4a092f7c69134793c116125e744e7) Importer(815301076,1909f56bfc062723c751e8b465ee728b)  -> (artifact id: 'cf07fc4de25021070bdf396814456688') in 0.052380 seconds 
========================================================================
Received Import Request.
  Time since last request: 0.000029 seconds.
  path: Assets/KimStuff/Context II/Trees/Textures/Pine Tree/Pine Tree_Roughness.png
  artifactKey: Guid(cd28f3c0b20853a49b6be437f23cbebb) Importer(815301076,1909f56bfc062723c751e8b465ee728b)
Start importing Assets/KimStuff/Context II/Trees/Textures/Pine Tree/Pine Tree_Roughness.png using Guid(cd28f3c0b20853a49b6be437f23cbebb) Importer(815301076,1909f56bfc062723c751e8b465ee728b)  -> (artifact id: '3b5766d083b3ad36abc3af8880037412') in 0.057746 seconds 
========================================================================
Received Import Request.
  Time since last request: 0.000026 seconds.
  path: Assets/Asset Packs/Free Stylized Skybox/CubeMap/Textures/Sky_Anime_15_Day_a.png
  artifactKey: Guid(fca5a57d63136f6428a1d31d1ab2c777) Importer(815301076,1909f56bfc062723c751e8b465ee728b)
Start importing Assets/Asset Packs/Free Stylized Skybox/CubeMap/Textures/Sky_Anime_15_Day_a.png using Guid(fca5a57d63136f6428a1d31d1ab2c777) Importer(815301076,1909f56bfc062723c751e8b465ee728b)  -> (artifact id: '6c072e2c8b94cc2e97bba7778c65a504') in 0.324491 seconds 
========================================================================
Received Import Request.
  Time since last request: 0.000023 seconds.
  path: Assets/Asset Packs/Grass And Flowers Pack 1/Small Tree/Small Tree 3.png
  artifactKey: Guid(b6c3b8399b2b3c54cbe32c94e3206a7b) Importer(815301076,1909f56bfc062723c751e8b465ee728b)
Start importing Assets/Asset Packs/Grass And Flowers Pack 1/Small Tree/Small Tree 3.png using Guid(b6c3b8399b2b3c54cbe32c94e3206a7b) Importer(815301076,1909f56bfc062723c751e8b465ee728b)  -> (artifact id: '5c88b9a0201a5607c8cd65c95bc9b4c8') in 0.065707 seconds 
========================================================================
Received Import Request.
  Time since last request: 0.000023 seconds.
  path: Assets/Asset Packs/Grass And Flowers Pack 1/Small Tree/Small Tree 4.png
  artifactKey: Guid(493f6a5a5044c0c4ba0f79af81d56bc3) Importer(815301076,1909f56bfc062723c751e8b465ee728b)
Start importing Assets/Asset Packs/Grass And Flowers Pack 1/Small Tree/Small Tree 4.png using Guid(493f6a5a5044c0c4ba0f79af81d56bc3) Importer(815301076,1909f56bfc062723c751e8b465ee728b)  -> (artifact id: 'ee942311abda8cf20de5c175a1a6f55f') in 0.047077 seconds 
========================================================================
Received Import Request.
  Time since last request: 0.000027 seconds.
  path: Assets/Asset Packs/Grass And Flowers Pack 1/Small Tree/Small Tree 7.png
  artifactKey: Guid(bb7fb21294f44974ba010d7559e3efd4) Importer(815301076,1909f56bfc062723c751e8b465ee728b)
Start importing Assets/Asset Packs/Grass And Flowers Pack 1/Small Tree/Small Tree 7.png using Guid(bb7fb21294f44974ba010d7559e3efd4) Importer(815301076,1909f56bfc062723c751e8b465ee728b)  -> (artifact id: 'bc1fe28bebbdbaa4edc4a5b710ecbe7e') in 0.037178 seconds 
========================================================================
Received Import Request.
  Time since last request: 0.000019 seconds.
  path: Assets/Asset Packs/Free Stylized Skybox/CubeMap/Textures/Sky_Anime_11_morning_a.png
  artifactKey: Guid(c1473a09822798a41a9cfa11f2721db6) Importer(815301076,1909f56bfc062723c751e8b465ee728b)
Start importing Assets/Asset Packs/Free Stylized Skybox/CubeMap/Textures/Sky_Anime_11_morning_a.png using Guid(c1473a09822798a41a9cfa11f2721db6) Importer(815301076,1909f56bfc062723c751e8b465ee728b)  -> (artifact id: 'cb092e3ee033664a2394f4ba425bd433') in 0.108383 seconds 
========================================================================
Received Import Request.
  Time since last request: 0.000024 seconds.
  path: Assets/Asset Packs/Free Stylized Skybox/CubeMap/Textures/Sky_LowPoly_01_Day_a.png
  artifactKey: Guid(15941f70fce71784da1321794120ea6a) Importer(815301076,1909f56bfc062723c751e8b465ee728b)
Start importing Assets/Asset Packs/Free Stylized Skybox/CubeMap/Textures/Sky_LowPoly_01_Day_a.png using Guid(15941f70fce71784da1321794120ea6a) Importer(815301076,1909f56bfc062723c751e8b465ee728b)  -> (artifact id: '5cb2ddb8ae7a93e3c7472180d6a48a10') in 0.112304 seconds 
========================================================================
Received Import Request.
  Time since last request: 0.000037 seconds.
  path: Assets/KimStuff/Context II/Trees/Textures/Small Tree/Small Tree_Normal_OpenGL.png
  artifactKey: Guid(4bfeb0ea0d78ac84eaf4681fc1ce9490) Importer(815301076,1909f56bfc062723c751e8b465ee728b)
Start importing Assets/KimStuff/Context II/Trees/Textures/Small Tree/Small Tree_Normal_OpenGL.png using Guid(4bfeb0ea0d78ac84eaf4681fc1ce9490) Importer(815301076,1909f56bfc062723c751e8b465ee728b)  -> (artifact id: '58cd00965672157c3bccace17e8bd40d') in 0.038678 seconds 
========================================================================
Received Import Request.
  Time since last request: 0.000014 seconds.
  path: Assets/Asset Packs/Free Stylized Skybox/Panoramic/Textures/Sky_Anime_15_Day_a.png
  artifactKey: Guid(80d697d9e2b2d324da231c441502f3e8) Importer(815301076,1909f56bfc062723c751e8b465ee728b)
Start importing Assets/Asset Packs/Free Stylized Skybox/Panoramic/Textures/Sky_Anime_15_Day_a.png using Guid(80d697d9e2b2d324da231c441502f3e8) Importer(815301076,1909f56bfc062723c751e8b465ee728b)  -> (artifact id: '919ce610d0f5e4e1e4d70201b67ab82a') in 0.103183 seconds 
========================================================================
Received Import Request.
  Time since last request: 0.000020 seconds.
  path: Assets/Asset Packs/Free Stylized Skybox/Panoramic/Textures/Sky_Anime_18_day_a.png
  artifactKey: Guid(79d597b1e21ad6f43a22cf1308281022) Importer(815301076,1909f56bfc062723c751e8b465ee728b)
Start importing Assets/Asset Packs/Free Stylized Skybox/Panoramic/Textures/Sky_Anime_18_day_a.png using Guid(79d597b1e21ad6f43a22cf1308281022) Importer(815301076,1909f56bfc062723c751e8b465ee728b)  -> (artifact id: 'ede966aac05121cacad91a8173a88e15') in 0.069776 seconds 
========================================================================
Received Import Request.
  Time since last request: 0.000057 seconds.
  path: Assets/Asset Packs/Grass And Flowers Pack 1/Small Tree/Small Tree 5.png
  artifactKey: Guid(04952c56a0d42784a91102c43a3b1fb3) Importer(815301076,1909f56bfc062723c751e8b465ee728b)
Start importing Assets/Asset Packs/Grass And Flowers Pack 1/Small Tree/Small Tree 5.png using Guid(04952c56a0d42784a91102c43a3b1fb3) Importer(815301076,1909f56bfc062723c751e8b465ee728b)  -> (artifact id: 'e34dd14434cb45799ff32c9d30bfaad0') in 0.039899 seconds 
========================================================================
Received Import Request.
  Time since last request: 0.000030 seconds.
  path: Assets/KimStuff/Context II/Trees/Textures/Small Tree/Small Tree_Height.png
  artifactKey: Guid(2d112b9714a4e734d9836a042eadd7d7) Importer(815301076,1909f56bfc062723c751e8b465ee728b)
Start importing Assets/KimStuff/Context II/Trees/Textures/Small Tree/Small Tree_Height.png using Guid(2d112b9714a4e734d9836a042eadd7d7) Importer(815301076,1909f56bfc062723c751e8b465ee728b)  -> (artifact id: 'a5dcdc2159c3bff7726c919d396c7ea0') in 0.039371 seconds 
========================================================================
Received Import Request.
  Time since last request: 0.000017 seconds.
  path: Assets/KimStuff/Context II/Textures/Tree2_Mat_Base_Color.png
  artifactKey: Guid(4ec0a91382e94c044b6060d9c506a347) Importer(815301076,1909f56bfc062723c751e8b465ee728b)
Start importing Assets/KimStuff/Context II/Textures/Tree2_Mat_Base_Color.png using Guid(4ec0a91382e94c044b6060d9c506a347) Importer(815301076,1909f56bfc062723c751e8b465ee728b)  -> (artifact id: '489275e61d2e51d9757699b07aefc140') in 0.044548 seconds 
========================================================================
Received Import Request.
  Time since last request: 0.000024 seconds.
  path: Assets/Asset Packs/Free Stylized Skybox/Panoramic/Textures/Sky_Anime_11_morning_a.png
  artifactKey: Guid(7aec8516610b2ff4abcdda8106713279) Importer(815301076,1909f56bfc062723c751e8b465ee728b)
Start importing Assets/Asset Packs/Free Stylized Skybox/Panoramic/Textures/Sky_Anime_11_morning_a.png using Guid(7aec8516610b2ff4abcdda8106713279) Importer(815301076,1909f56bfc062723c751e8b465ee728b)  -> (artifact id: '3886da22ba1c2926291e97a2cc36896d') in 0.054949 seconds 
========================================================================
Received Import Request.
  Time since last request: 0.000023 seconds.
  path: Assets/Asset Packs/Grass And Flowers Pack 1/Small Tree/Small Tree 1.png
  artifactKey: Guid(d534abc8c23e069438fac1a136b52fe9) Importer(815301076,1909f56bfc062723c751e8b465ee728b)
Start importing Assets/Asset Packs/Grass And Flowers Pack 1/Small Tree/Small Tree 1.png using Guid(d534abc8c23e069438fac1a136b52fe9) Importer(815301076,1909f56bfc062723c751e8b465ee728b)  -> (artifact id: '6bdf90e619fb5c6a2faa7c37081ecd3e') in 0.043279 seconds 
========================================================================
Received Import Request.
  Time since last request: 78.915918 seconds.
  path: Assets/KimStuff/Context II/Models/NewLayer.terrainlayer
  artifactKey: Guid(b63658b6d67fd41479cc22959e11be4c) Importer(815301076,1909f56bfc062723c751e8b465ee728b)
Start importing Assets/KimStuff/Context II/Models/NewLayer.terrainlayer using Guid(b63658b6d67fd41479cc22959e11be4c) Importer(815301076,1909f56bfc062723c751e8b465ee728b)  -> (artifact id: '0d687e8717407dbd10aa45e0b7f7517c') in 0.038360 seconds 
========================================================================
Received Import Request.
  Time since last request: 0.093577 seconds.
  path: Assets/KimStuff/Context II/Models/NewLayer 1.terrainlayer
  artifactKey: Guid(11fa8073893c5c448a4498ef5e772d2f) Importer(815301076,1909f56bfc062723c751e8b465ee728b)
Start importing Assets/KimStuff/Context II/Models/NewLayer 1.terrainlayer using Guid(11fa8073893c5c448a4498ef5e772d2f) Importer(815301076,1909f56bfc062723c751e8b465ee728b)  -> (artifact id: '5b858a0173248c8c9f29d4cfb9aa7fa2') in 0.039026 seconds 
Editor requested this worker to shutdown with reason: Scaling down because of idle timeout
AssetImportWorker is now disconnected from the server
Process exiting
Exiting without the bug reporter. Application will terminate with return code 0