Using pre-set license
Built from '2021.2/staging' branch; Version is '2021.2.11f1 (e50cafbb4399) revision 15010991'; Using compiler version '192829333'; Build Type 'Release'
OS: 'Windows 10  (10.0.19044) 64bit Core' Language: 'en' Physical Memory: 16252 MB
BatchMode: 1, IsHumanControllingUs: 0, StartBugReporterOnCrash: 0, Is64bit: 1, IsPro: 0

COMMAND LINE ARGUMENTS:
C:\Program Files\Unity\Hub\Editor\2021.2.11f1\Editor\Unity.exe
-adb2
-batchMode
-noUpm
-name
AssetImportWorker4
-projectPath
C:/Users/barba/Documents/GitHub/Context2/Project Context2
-logFile
Logs/AssetImportWorker4.log
-srvPort
51975
Successfully changed project path to: C:/Users/barba/Documents/GitHub/Context2/Project Context2
C:/Users/barba/Documents/GitHub/Context2/Project Context2
[UnityMemory] Configuration Parameters - Can be set up in boot.config
    "memorysetup-bucket-allocator-granularity=16"
    "memorysetup-bucket-allocator-bucket-count=8"
    "memorysetup-bucket-allocator-block-size=33554432"
    "memorysetup-bucket-allocator-block-count=8"
    "memorysetup-main-allocator-block-size=16777216"
    "memorysetup-thread-allocator-block-size=16777216"
    "memorysetup-gfx-main-allocator-block-size=16777216"
    "memorysetup-gfx-thread-allocator-block-size=16777216"
    "memorysetup-cache-allocator-block-size=4194304"
    "memorysetup-typetree-allocator-block-size=2097152"
    "memorysetup-profiler-bucket-allocator-granularity=16"
    "memorysetup-profiler-bucket-allocator-bucket-count=8"
    "memorysetup-profiler-bucket-allocator-block-size=33554432"
    "memorysetup-profiler-bucket-allocator-block-count=8"
    "memorysetup-profiler-allocator-block-size=16777216"
    "memorysetup-profiler-editor-allocator-block-size=1048576"
    "memorysetup-temp-allocator-size-main=16777216"
    "memorysetup-job-temp-allocator-block-size=2097152"
    "memorysetup-job-temp-allocator-block-size-background=1048576"
    "memorysetup-job-temp-allocator-reduction-small-platforms=262144"
    "memorysetup-temp-allocator-size-background-worker=32768"
    "memorysetup-temp-allocator-size-job-worker=262144"
    "memorysetup-temp-allocator-size-preload-manager=33554432"
    "memorysetup-temp-allocator-size-nav-mesh-worker=65536"
    "memorysetup-temp-allocator-size-audio-worker=65536"
    "memorysetup-temp-allocator-size-cloud-worker=32768"
    "memorysetup-temp-allocator-size-gi-baking-worker=262144"
    "memorysetup-temp-allocator-size-gfx=262144"
Refreshing native plugins compatible for Editor in 54.87 ms, found 2 plugins.
Preloading 0 native plugins for Editor in 0.00 ms.
Initialize engine version: 2021.2.11f1 (e50cafbb4399)
[Subsystems] Discovering subsystems at path C:/Program Files/Unity/Hub/Editor/2021.2.11f1/Editor/Data/Resources/UnitySubsystems
[Subsystems] Discovering subsystems at path C:/Users/barba/Documents/GitHub/Context2/Project Context2/Assets
GfxDevice: creating device client; threaded=0; jobified=0
Direct3D:
    Version:  Direct3D 11.0 [level 11.1]
    Renderer: NVIDIA GeForce GTX 1650 (ID=0x1f99)
    Vendor:   NVIDIA
    VRAM:     3962 MB
    Driver:   27.21.14.6230
Initialize mono
Mono path[0] = 'C:/Program Files/Unity/Hub/Editor/2021.2.11f1/Editor/Data/Managed'
Mono path[1] = 'C:/Program Files/Unity/Hub/Editor/2021.2.11f1/Editor/Data/MonoBleedingEdge/lib/mono/unityjit-win32'
Mono config path = 'C:/Program Files/Unity/Hub/Editor/2021.2.11f1/Editor/Data/MonoBleedingEdge/etc'
Using monoOptions --debugger-agent=transport=dt_socket,embedding=1,server=y,suspend=n,address=127.0.0.1:56860
Begin MonoManager ReloadAssembly
Registering precompiled unity dll's ...
Register platform support module: C:/Program Files/Unity/Hub/Editor/2021.2.11f1/Editor/Data/PlaybackEngines/WindowsStandaloneSupport/UnityEditor.WindowsStandalone.Extensions.dll
Registered in 0.007220 seconds.
Native extension for WindowsStandalone target not found
Refreshing native plugins compatible for Editor in 60.73 ms, found 2 plugins.
Preloading 0 native plugins for Editor in 0.00 ms.
Mono: successfully reloaded assembly
- Completed reload, in  0.649 seconds
Domain Reload Profiling:
	ReloadAssembly (650ms)
		BeginReloadAssembly (89ms)
			ExecutionOrderSort (0ms)
			DisableScriptedObjects (0ms)
			BackupInstance (0ms)
			ReleaseScriptingObjects (0ms)
			CreateAndSetChildDomain (1ms)
		EndReloadAssembly (476ms)
			LoadAssemblies (87ms)
			RebuildTransferFunctionScriptingTraits (0ms)
			SetupTypeCache (112ms)
			ReleaseScriptCaches (0ms)
			RebuildScriptCaches (27ms)
			SetupLoadedEditorAssemblies (282ms)
				LogAssemblyErrors (0ms)
				InitializePlatformSupportModulesInManaged (17ms)
				SetLoadedEditorAssemblies (0ms)
				RefreshPlugins (61ms)
				BeforeProcessingInitializeOnLoad (1ms)
				ProcessInitializeOnLoadAttributes (154ms)
				ProcessInitializeOnLoadMethodAttributes (49ms)
				AfterProcessingInitializeOnLoad (0ms)
				EditorAssembliesLoaded (0ms)
			ExecutionOrderSort2 (0ms)
			AwakeInstancesAfterBackupRestoration (0ms)
Platform modules already initialized, skipping
Registering precompiled user dll's ...
Registered in 0.007099 seconds.
Begin MonoManager ReloadAssembly
Native extension for WindowsStandalone target not found
Refreshing native plugins compatible for Editor in 54.65 ms, found 2 plugins.
Preloading 0 native plugins for Editor in 0.00 ms.
Mono: successfully reloaded assembly
- Completed reload, in  1.408 seconds
Domain Reload Profiling:
	ReloadAssembly (1409ms)
		BeginReloadAssembly (125ms)
			ExecutionOrderSort (0ms)
			DisableScriptedObjects (6ms)
			BackupInstance (0ms)
			ReleaseScriptingObjects (0ms)
			CreateAndSetChildDomain (21ms)
		EndReloadAssembly (1184ms)
			LoadAssemblies (91ms)
			RebuildTransferFunctionScriptingTraits (0ms)
			SetupTypeCache (239ms)
			ReleaseScriptCaches (1ms)
			RebuildScriptCaches (64ms)
			SetupLoadedEditorAssemblies (754ms)
				LogAssemblyErrors (0ms)
				InitializePlatformSupportModulesInManaged (13ms)
				SetLoadedEditorAssemblies (0ms)
				RefreshPlugins (55ms)
				BeforeProcessingInitializeOnLoad (90ms)
				ProcessInitializeOnLoadAttributes (508ms)
				ProcessInitializeOnLoadMethodAttributes (79ms)
				AfterProcessingInitializeOnLoad (8ms)
				EditorAssembliesLoaded (0ms)
			ExecutionOrderSort2 (0ms)
			AwakeInstancesAfterBackupRestoration (8ms)
Platform modules already initialized, skipping
========================================================================
Worker process is ready to serve import requests
Launched and connected shader compiler UnityShaderCompiler.exe after 0.04 seconds
Refreshing native plugins compatible for Editor in 0.57 ms, found 2 plugins.
Preloading 0 native plugins for Editor in 0.00 ms.
Unloading 3467 Unused Serialized files (Serialized files now loaded: 0)
Unloading 43 unused Assets / (0.8 MB). Loaded Objects now: 3919.
Memory consumption went from 159.7 MB to 159.0 MB.
Total: 3.729400 ms (FindLiveObjects: 0.249100 ms CreateObjectMapping: 0.199700 ms MarkObjects: 3.013800 ms  DeleteObjects: 0.265900 ms)

AssetImportParameters requested are different than current active one (requested -> active):
  custom:video-decoder-ogg-theora: a1e56fd34408186e4bbccfd4996cb3dc -> 
  custom:container-muxer-webm: aa71ff27fc2769a1b78a27578f13a17b -> 
  custom:container-demuxer-webm: 4f35f7cbe854078d1ac9338744f61a02 -> 
  custom:video-encoder-webm-vp8: eb34c28f22e8b96e1ab97ce403110664 -> 
  custom:video-codec-MediaFoundation-h265: 746d11721c4dcdbdad8f713fa42b33f4 -> 
  custom:audio-encoder-webm-vorbis: bf7c407c2cedff20999df2af8eb42d56 -> 
  custom:framework-win-MediaFoundation: 216162199b28c13a410421893ffa2e32 -> 
  custom:container-demuxer-ogg: 62fdf1f143b41e24485cea50d1cbac27 -> 
  custom:video-decoder-webm-vp8: 9c59270c3fd7afecdb556c50c9e8de78 -> 
  custom:audio-decoder-ogg-vorbis: bf7c407c2cedff20999df2af8eb42d56 -> 
========================================================================
Received Import Request.
  Time since last request: 74242.391906 seconds.
  path: Assets/Characters/Allai/Materials
  artifactKey: Guid(8fc0042b3454ea94a8d7cd7aa69bf58a) Importer(815301076,1909f56bfc062723c751e8b465ee728b)
Start importing Assets/Characters/Allai/Materials using Guid(8fc0042b3454ea94a8d7cd7aa69bf58a) Importer(815301076,1909f56bfc062723c751e8b465ee728b)  -> (artifact id: 'f7028f20b5dc40efdee68e2a530a2b4b') in 0.030139 seconds 
========================================================================
Received Import Request.
  Time since last request: 59.094747 seconds.
  path: Assets/Characters/Allai/Materials/Allai_arms_mat.mat
  artifactKey: Guid(4d6aa1ffac8b4df4aa27a3e2512efdd4) Importer(815301076,1909f56bfc062723c751e8b465ee728b)
Start importing Assets/Characters/Allai/Materials/Allai_arms_mat.mat using Guid(4d6aa1ffac8b4df4aa27a3e2512efdd4) Importer(815301076,1909f56bfc062723c751e8b465ee728b)  -> (artifact id: 'a4bd2ad2a5692c79875c2cd642a2a119') in 0.269670 seconds 
========================================================================
Received Import Request.
  Time since last request: 15.219160 seconds.
  path: Assets/Characters/Allai/Ally.obj
  artifactKey: Guid(ce468446dbb37764ab77b1849fe77f98) Importer(815301076,1909f56bfc062723c751e8b465ee728b)
Start importing Assets/Characters/Allai/Ally.obj using Guid(ce468446dbb37764ab77b1849fe77f98) Importer(815301076,1909f56bfc062723c751e8b465ee728b)  -> (artifact id: '1683b01750ec45be4bde840a3700886d') in 0.184146 seconds 
========================================================================
Received Import Request.
  Time since last request: 103.835574 seconds.
  path: Assets/Characters/Allai/Ally.obj
  artifactKey: Guid(ce468446dbb37764ab77b1849fe77f98) Importer(815301076,1909f56bfc062723c751e8b465ee728b)
Start importing Assets/Characters/Allai/Ally.obj using Guid(ce468446dbb37764ab77b1849fe77f98) Importer(815301076,1909f56bfc062723c751e8b465ee728b)  -> (artifact id: '62e92c2f1c380f712a4536b6b628f830') in 0.121674 seconds 
========================================================================
Received Import Request.
  Time since last request: 40.432167 seconds.
  path: Assets/Characters/Allai/Materials/Ally_armLMat.mat
  artifactKey: Guid(32f5ce040029f1a4db387070ef501ed0) Importer(815301076,1909f56bfc062723c751e8b465ee728b)
Start importing Assets/Characters/Allai/Materials/Ally_armLMat.mat using Guid(32f5ce040029f1a4db387070ef501ed0) Importer(815301076,1909f56bfc062723c751e8b465ee728b)  -> (artifact id: '36cb380626fc754b5024f2a690f8c667') in 0.040990 seconds 
========================================================================
Received Import Request.
  Time since last request: 0.090102 seconds.
  path: Assets/Characters/Allai/Materials/Ally_bodyMat.mat
  artifactKey: Guid(1c70583e350d78e44867a6fdefd68f54) Importer(815301076,1909f56bfc062723c751e8b465ee728b)
Start importing Assets/Characters/Allai/Materials/Ally_bodyMat.mat using Guid(1c70583e350d78e44867a6fdefd68f54) Importer(815301076,1909f56bfc062723c751e8b465ee728b)  -> (artifact id: '51004b3e024f3ef41dd08f45fc00411d') in 0.041165 seconds 
========================================================================
Received Import Request.
  Time since last request: 0.000033 seconds.
  path: Assets/Characters/Allai/Materials/Ally_legRMat.mat
  artifactKey: Guid(1a55d63076e32eb47bc7213e871e80c4) Importer(815301076,1909f56bfc062723c751e8b465ee728b)
Start importing Assets/Characters/Allai/Materials/Ally_legRMat.mat using Guid(1a55d63076e32eb47bc7213e871e80c4) Importer(815301076,1909f56bfc062723c751e8b465ee728b)  -> (artifact id: '6b8072c74fe7379d683b2221275a22dd') in 0.041140 seconds 
========================================================================
Received Import Request.
  Time since last request: 0.000021 seconds.
  path: Assets/Characters/Allai/Materials/Ally_legLMat.mat
  artifactKey: Guid(8600039f174dc69428e7a5fd5f255010) Importer(815301076,1909f56bfc062723c751e8b465ee728b)
Start importing Assets/Characters/Allai/Materials/Ally_legLMat.mat using Guid(8600039f174dc69428e7a5fd5f255010) Importer(815301076,1909f56bfc062723c751e8b465ee728b)  -> (artifact id: '4ae3a7735d7bd5bd2b3f29284462f878') in 0.035816 seconds 
========================================================================
Received Import Request.
  Time since last request: 0.000027 seconds.
  path: Assets/Characters/Allai/Materials/Ally_pantlegRMat.mat
  artifactKey: Guid(e53511b2b3451c14884eb6e6705a6b48) Importer(815301076,1909f56bfc062723c751e8b465ee728b)
Start importing Assets/Characters/Allai/Materials/Ally_pantlegRMat.mat using Guid(e53511b2b3451c14884eb6e6705a6b48) Importer(815301076,1909f56bfc062723c751e8b465ee728b)  -> (artifact id: '929052ef0740b50e2478a1700f3e8232') in 0.038535 seconds 
========================================================================
Received Import Request.
  Time since last request: 1.745770 seconds.
  path: Assets/KimStuff/Context II/Models/NormalTree1.fbx
  artifactKey: Guid(389889396abc80f449d7bc9c57a98ff8) Importer(815301076,1909f56bfc062723c751e8b465ee728b)
Start importing Assets/KimStuff/Context II/Models/NormalTree1.fbx using Guid(389889396abc80f449d7bc9c57a98ff8) Importer(815301076,1909f56bfc062723c751e8b465ee728b)  -> (artifact id: '686665ba3da8ceaf9969b4695b3de7f4') in 0.052920 seconds 
Editor requested this worker to shutdown with reason: Scaling down because of idle timeout
AssetImportWorker is now disconnected from the server
Process exiting
Exiting without the bug reporter. Application will terminate with return code 0