Using pre-set license
Built from '2021.2/staging' branch; Version is '2021.2.11f1 (e50cafbb4399) revision 15010991'; Using compiler version '192829333'; Build Type 'Release'
OS: 'Windows 10  (10.0.19044) 64bit Core' Language: 'en' Physical Memory: 16252 MB
BatchMode: 1, IsHumanControllingUs: 0, StartBugReporterOnCrash: 0, Is64bit: 1, IsPro: 0

COMMAND LINE ARGUMENTS:
C:\Program Files\Unity\Hub\Editor\2021.2.11f1\Editor\Unity.exe
-adb2
-batchMode
-noUpm
-name
AssetImportWorker0
-projectPath
C:/Users/barba/Documents/GitHub/Context2/Project Context2
-logFile
Logs/AssetImportWorker0.log
-srvPort
51975
Successfully changed project path to: C:/Users/barba/Documents/GitHub/Context2/Project Context2
C:/Users/barba/Documents/GitHub/Context2/Project Context2
[UnityMemory] Configuration Parameters - Can be set up in boot.config
    "memorysetup-bucket-allocator-granularity=16"
    "memorysetup-bucket-allocator-bucket-count=8"
    "memorysetup-bucket-allocator-block-size=33554432"
    "memorysetup-bucket-allocator-block-count=8"
    "memorysetup-main-allocator-block-size=16777216"
    "memorysetup-thread-allocator-block-size=16777216"
    "memorysetup-gfx-main-allocator-block-size=16777216"
    "memorysetup-gfx-thread-allocator-block-size=16777216"
    "memorysetup-cache-allocator-block-size=4194304"
    "memorysetup-typetree-allocator-block-size=2097152"
    "memorysetup-profiler-bucket-allocator-granularity=16"
    "memorysetup-profiler-bucket-allocator-bucket-count=8"
    "memorysetup-profiler-bucket-allocator-block-size=33554432"
    "memorysetup-profiler-bucket-allocator-block-count=8"
    "memorysetup-profiler-allocator-block-size=16777216"
    "memorysetup-profiler-editor-allocator-block-size=1048576"
    "memorysetup-temp-allocator-size-main=16777216"
    "memorysetup-job-temp-allocator-block-size=2097152"
    "memorysetup-job-temp-allocator-block-size-background=1048576"
    "memorysetup-job-temp-allocator-reduction-small-platforms=262144"
    "memorysetup-temp-allocator-size-background-worker=32768"
    "memorysetup-temp-allocator-size-job-worker=262144"
    "memorysetup-temp-allocator-size-preload-manager=33554432"
    "memorysetup-temp-allocator-size-nav-mesh-worker=65536"
    "memorysetup-temp-allocator-size-audio-worker=65536"
    "memorysetup-temp-allocator-size-cloud-worker=32768"
    "memorysetup-temp-allocator-size-gi-baking-worker=262144"
    "memorysetup-temp-allocator-size-gfx=262144"
Refreshing native plugins compatible for Editor in 62.54 ms, found 2 plugins.
Preloading 0 native plugins for Editor in 0.00 ms.
Initialize engine version: 2021.2.11f1 (e50cafbb4399)
[Subsystems] Discovering subsystems at path C:/Program Files/Unity/Hub/Editor/2021.2.11f1/Editor/Data/Resources/UnitySubsystems
[Subsystems] Discovering subsystems at path C:/Users/barba/Documents/GitHub/Context2/Project Context2/Assets
GfxDevice: creating device client; threaded=0; jobified=0
Direct3D:
    Version:  Direct3D 11.0 [level 11.1]
    Renderer: NVIDIA GeForce GTX 1650 (ID=0x1f99)
    Vendor:   NVIDIA
    VRAM:     3962 MB
    Driver:   27.21.14.6230
Initialize mono
Mono path[0] = 'C:/Program Files/Unity/Hub/Editor/2021.2.11f1/Editor/Data/Managed'
Mono path[1] = 'C:/Program Files/Unity/Hub/Editor/2021.2.11f1/Editor/Data/MonoBleedingEdge/lib/mono/unityjit-win32'
Mono config path = 'C:/Program Files/Unity/Hub/Editor/2021.2.11f1/Editor/Data/MonoBleedingEdge/etc'
Using monoOptions --debugger-agent=transport=dt_socket,embedding=1,server=y,suspend=n,address=127.0.0.1:56180
Begin MonoManager ReloadAssembly
Registering precompiled unity dll's ...
Register platform support module: C:/Program Files/Unity/Hub/Editor/2021.2.11f1/Editor/Data/PlaybackEngines/WindowsStandaloneSupport/UnityEditor.WindowsStandalone.Extensions.dll
Registered in 0.007179 seconds.
Native extension for WindowsStandalone target not found
Refreshing native plugins compatible for Editor in 59.82 ms, found 2 plugins.
Preloading 0 native plugins for Editor in 0.00 ms.
Mono: successfully reloaded assembly
- Completed reload, in  0.680 seconds
Domain Reload Profiling:
	ReloadAssembly (681ms)
		BeginReloadAssembly (78ms)
			ExecutionOrderSort (0ms)
			DisableScriptedObjects (0ms)
			BackupInstance (0ms)
			ReleaseScriptingObjects (0ms)
			CreateAndSetChildDomain (1ms)
		EndReloadAssembly (523ms)
			LoadAssemblies (76ms)
			RebuildTransferFunctionScriptingTraits (0ms)
			SetupTypeCache (97ms)
			ReleaseScriptCaches (0ms)
			RebuildScriptCaches (44ms)
			SetupLoadedEditorAssemblies (269ms)
				LogAssemblyErrors (0ms)
				InitializePlatformSupportModulesInManaged (28ms)
				SetLoadedEditorAssemblies (0ms)
				RefreshPlugins (60ms)
				BeforeProcessingInitializeOnLoad (1ms)
				ProcessInitializeOnLoadAttributes (135ms)
				ProcessInitializeOnLoadMethodAttributes (45ms)
				AfterProcessingInitializeOnLoad (0ms)
				EditorAssembliesLoaded (0ms)
			ExecutionOrderSort2 (0ms)
			AwakeInstancesAfterBackupRestoration (0ms)
Platform modules already initialized, skipping
Registering precompiled user dll's ...
Registered in 0.006577 seconds.
Begin MonoManager ReloadAssembly
Native extension for WindowsStandalone target not found
Refreshing native plugins compatible for Editor in 49.81 ms, found 2 plugins.
Preloading 0 native plugins for Editor in 0.00 ms.
Mono: successfully reloaded assembly
- Completed reload, in  1.328 seconds
Domain Reload Profiling:
	ReloadAssembly (1328ms)
		BeginReloadAssembly (127ms)
			ExecutionOrderSort (0ms)
			DisableScriptedObjects (6ms)
			BackupInstance (0ms)
			ReleaseScriptingObjects (0ms)
			CreateAndSetChildDomain (18ms)
		EndReloadAssembly (1107ms)
			LoadAssemblies (106ms)
			RebuildTransferFunctionScriptingTraits (0ms)
			SetupTypeCache (221ms)
			ReleaseScriptCaches (1ms)
			RebuildScriptCaches (66ms)
			SetupLoadedEditorAssemblies (685ms)
				LogAssemblyErrors (0ms)
				InitializePlatformSupportModulesInManaged (10ms)
				SetLoadedEditorAssemblies (0ms)
				RefreshPlugins (50ms)
				BeforeProcessingInitializeOnLoad (77ms)
				ProcessInitializeOnLoadAttributes (467ms)
				ProcessInitializeOnLoadMethodAttributes (73ms)
				AfterProcessingInitializeOnLoad (8ms)
				EditorAssembliesLoaded (0ms)
			ExecutionOrderSort2 (0ms)
			AwakeInstancesAfterBackupRestoration (7ms)
Platform modules already initialized, skipping
========================================================================
Worker process is ready to serve import requests
Launched and connected shader compiler UnityShaderCompiler.exe after 0.05 seconds
Refreshing native plugins compatible for Editor in 1.08 ms, found 2 plugins.
Preloading 0 native plugins for Editor in 0.00 ms.
Unloading 3467 Unused Serialized files (Serialized files now loaded: 0)
Unloading 43 unused Assets / (0.8 MB). Loaded Objects now: 3919.
Memory consumption went from 159.6 MB to 158.8 MB.
Total: 4.362600 ms (FindLiveObjects: 0.258100 ms CreateObjectMapping: 0.211400 ms MarkObjects: 3.594900 ms  DeleteObjects: 0.297400 ms)

AssetImportParameters requested are different than current active one (requested -> active):
  custom:video-decoder-ogg-theora: a1e56fd34408186e4bbccfd4996cb3dc -> 
  custom:container-muxer-webm: aa71ff27fc2769a1b78a27578f13a17b -> 
  custom:container-demuxer-webm: 4f35f7cbe854078d1ac9338744f61a02 -> 
  custom:video-encoder-webm-vp8: eb34c28f22e8b96e1ab97ce403110664 -> 
  custom:video-codec-MediaFoundation-h265: 746d11721c4dcdbdad8f713fa42b33f4 -> 
  custom:audio-encoder-webm-vorbis: bf7c407c2cedff20999df2af8eb42d56 -> 
  custom:framework-win-MediaFoundation: 216162199b28c13a410421893ffa2e32 -> 
  custom:container-demuxer-ogg: 62fdf1f143b41e24485cea50d1cbac27 -> 
  custom:video-decoder-webm-vp8: 9c59270c3fd7afecdb556c50c9e8de78 -> 
  custom:audio-decoder-ogg-vorbis: bf7c407c2cedff20999df2af8eb42d56 -> 
========================================================================
Received Import Request.
  Time since last request: 73989.069217 seconds.
  path: Assets/New Terrain.asset
  artifactKey: Guid(9fec1c1fee0827547b7cce2765a79022) Importer(815301076,1909f56bfc062723c751e8b465ee728b)
Start importing Assets/New Terrain.asset using Guid(9fec1c1fee0827547b7cce2765a79022) Importer(815301076,1909f56bfc062723c751e8b465ee728b)  -> (artifact id: '23169957aaf7c9af972290bd6b3f1760') in 0.063903 seconds 
========================================================================
Received Import Request.
  Time since last request: 0.000018 seconds.
  path: Assets/UniversalRenderPipelineGlobalSettings.asset
  artifactKey: Guid(25064ddf20931eb4dbbe2445979bcd49) Importer(815301076,1909f56bfc062723c751e8b465ee728b)
Start importing Assets/UniversalRenderPipelineGlobalSettings.asset using Guid(25064ddf20931eb4dbbe2445979bcd49) Importer(815301076,1909f56bfc062723c751e8b465ee728b)  -> (artifact id: '59ad5f480dae307b1dae4dfd3cf9a8f8') in 0.025895 seconds 
========================================================================
Received Import Request.
  Time since last request: 0.000017 seconds.
  path: Assets/Forest_BLOSSOM.prefab
  artifactKey: Guid(7dd315e3914dcef4fb1bfdb442ce72ba) Importer(815301076,1909f56bfc062723c751e8b465ee728b)
Start importing Assets/Forest_BLOSSOM.prefab using Guid(7dd315e3914dcef4fb1bfdb442ce72ba) Importer(815301076,1909f56bfc062723c751e8b465ee728b)  -> (artifact id: 'ac20f4ce7a34eecbccd745142b27cf66') in 1.387378 seconds 
========================================================================
Received Import Request.
  Time since last request: 1.693767 seconds.
  path: Assets/Characters/Allai
  artifactKey: Guid(d2f53ac3716e41a48852cde168bd90e0) Importer(815301076,1909f56bfc062723c751e8b465ee728b)
Start importing Assets/Characters/Allai using Guid(d2f53ac3716e41a48852cde168bd90e0) Importer(815301076,1909f56bfc062723c751e8b465ee728b)  -> (artifact id: 'd0268cc7e354b5f73a81cef7e0d2a1d7') in 0.028411 seconds 
========================================================================
Received Import Request.
  Time since last request: 0.006759 seconds.
  path: Assets/Characters/Allai/Ally.obj
  artifactKey: Guid(ce468446dbb37764ab77b1849fe77f98) Importer(815301076,1909f56bfc062723c751e8b465ee728b)
Start importing Assets/Characters/Allai/Ally.obj using Guid(ce468446dbb37764ab77b1849fe77f98) Importer(815301076,1909f56bfc062723c751e8b465ee728b)  -> (artifact id: 'ba8844fb33e0839b6f13ce0d4396e454') in 0.395421 seconds 
========================================================================
Received Import Request.
  Time since last request: 1.450335 seconds.
  path: Assets/Characters/Allai/Animations
  artifactKey: Guid(8f331642f2f76724aabe52d25fb08b13) Importer(815301076,1909f56bfc062723c751e8b465ee728b)
Start importing Assets/Characters/Allai/Animations using Guid(8f331642f2f76724aabe52d25fb08b13) Importer(815301076,1909f56bfc062723c751e8b465ee728b)  -> (artifact id: '3c7eb5d61399f79811f01125c7690659') in 0.037532 seconds 
========================================================================
Received Import Request.
  Time since last request: 0.021787 seconds.
  path: Assets/Characters/Allai/Animations/Ally@Idle.fbx
  artifactKey: Guid(456aa159c89d27144a48513c5d4a308e) Importer(815301076,1909f56bfc062723c751e8b465ee728b)
Start importing Assets/Characters/Allai/Animations/Ally@Idle.fbx using Guid(456aa159c89d27144a48513c5d4a308e) Importer(815301076,1909f56bfc062723c751e8b465ee728b)  -> (artifact id: 'e6cf0223f61cbae91a17b73adaeea596') in 0.033936 seconds 
========================================================================
Received Import Request.
  Time since last request: 22.996997 seconds.
  path: Assets/Scenes
  artifactKey: Guid(50271d3021beb3547a9665b750e8dba2) Importer(815301076,1909f56bfc062723c751e8b465ee728b)
Start importing Assets/Scenes using Guid(50271d3021beb3547a9665b750e8dba2) Importer(815301076,1909f56bfc062723c751e8b465ee728b)  -> (artifact id: '8142044bacbf1b5c5266ab979093f524') in 0.024775 seconds 
========================================================================
Received Import Request.
  Time since last request: 24.443164 seconds.
  path: Assets/KimStuff/GenericNPC.prefab
  artifactKey: Guid(07cb9c0ea2f351e40bdb6a495126515a) Importer(815301076,1909f56bfc062723c751e8b465ee728b)
Start importing Assets/KimStuff/GenericNPC.prefab using Guid(07cb9c0ea2f351e40bdb6a495126515a) Importer(815301076,1909f56bfc062723c751e8b465ee728b)  -> (artifact id: 'f335bacc00a7572bfef42fd55a9a7794') in 0.037178 seconds 
========================================================================
Received Import Request.
  Time since last request: 0.101664 seconds.
  path: Assets/KimStuff/TerrainData_318acf74-7abe-42af-b4cf-a045d7b915cc.asset
  artifactKey: Guid(0f80c1523cfd5a946af21e262d1ffc1e) Importer(815301076,1909f56bfc062723c751e8b465ee728b)
Start importing Assets/KimStuff/TerrainData_318acf74-7abe-42af-b4cf-a045d7b915cc.asset using Guid(0f80c1523cfd5a946af21e262d1ffc1e) Importer(815301076,1909f56bfc062723c751e8b465ee728b)  -> (artifact id: '9aa0e5ef4d51bf580db70df879fd4257') in 0.031651 seconds 
========================================================================
Received Import Request.
  Time since last request: 0.000017 seconds.
  path: Assets/KimStuff/TerrainData_babd7ace-bbc5-477b-a5d2-301c43da6dbf.asset
  artifactKey: Guid(353d0b9f843fc2a469f958f5b95c208f) Importer(815301076,1909f56bfc062723c751e8b465ee728b)
Start importing Assets/KimStuff/TerrainData_babd7ace-bbc5-477b-a5d2-301c43da6dbf.asset using Guid(353d0b9f843fc2a469f958f5b95c208f) Importer(815301076,1909f56bfc062723c751e8b465ee728b)  -> (artifact id: '3cc8c921ea271d72f3c64398e9c88182') in 0.030708 seconds 
========================================================================
Received Import Request.
  Time since last request: 0.000024 seconds.
  path: Assets/KimStuff/TerrainData_357ea4a8-ce74-4313-8e5c-439301fee633.asset
  artifactKey: Guid(ee403b48f6184e349955e0dea1195be7) Importer(815301076,1909f56bfc062723c751e8b465ee728b)
Start importing Assets/KimStuff/TerrainData_357ea4a8-ce74-4313-8e5c-439301fee633.asset using Guid(ee403b48f6184e349955e0dea1195be7) Importer(815301076,1909f56bfc062723c751e8b465ee728b)  -> (artifact id: '4dacc932281bad1034716f0f246f3a0a') in 0.032894 seconds 
========================================================================
Received Import Request.
  Time since last request: 0.000025 seconds.
  path: Assets/KimStuff/TerrainData_7c2c78ee-270c-4118-9289-70fa689ea37b.asset
  artifactKey: Guid(c3f42fd923714f5459d659333148834d) Importer(815301076,1909f56bfc062723c751e8b465ee728b)
Start importing Assets/KimStuff/TerrainData_7c2c78ee-270c-4118-9289-70fa689ea37b.asset using Guid(c3f42fd923714f5459d659333148834d) Importer(815301076,1909f56bfc062723c751e8b465ee728b)  -> (artifact id: '3ff926963883637e3c75fef6daadfe18') in 0.032523 seconds 
========================================================================
Received Import Request.
  Time since last request: 0.000029 seconds.
  path: Assets/KimStuff/New Terrain 3.asset
  artifactKey: Guid(dab14234c3c714443b0f271f28cc3e89) Importer(815301076,1909f56bfc062723c751e8b465ee728b)
Start importing Assets/KimStuff/New Terrain 3.asset using Guid(dab14234c3c714443b0f271f28cc3e89) Importer(815301076,1909f56bfc062723c751e8b465ee728b)  -> (artifact id: 'a5786963f060e3e54eeae953a6405fe2') in 0.033164 seconds 
Editor requested this worker to shutdown with reason: Scaling down because of idle timeout
AssetImportWorker is now disconnected from the server
Process exiting
Exiting without the bug reporter. Application will terminate with return code 0